16-Jan-2023 14:16:48.454 INFORMAÇÕES [main] org.apache.catalina.startup.VersionLoggerListener.log Server version name:   Apache Tomcat/8.5.50
16-Jan-2023 14:16:48.456 INFORMAÇÕES [main] org.apache.catalina.startup.VersionLoggerListener.log Server built:          Dec 7 2019 19:19:46 UTC
16-Jan-2023 14:16:48.456 INFORMAÇÕES [main] org.apache.catalina.startup.VersionLoggerListener.log Server version number: 8.5.50.0
16-Jan-2023 14:16:48.457 INFORMAÇÕES [main] org.apache.catalina.startup.VersionLoggerListener.log OS Name:               Linux
16-Jan-2023 14:16:48.457 INFORMAÇÕES [main] org.apache.catalina.startup.VersionLoggerListener.log OS Version:            5.15.0-58-generic
16-Jan-2023 14:16:48.457 INFORMAÇÕES [main] org.apache.catalina.startup.VersionLoggerListener.log Architecture:          amd64
16-Jan-2023 14:16:48.457 INFORMAÇÕES [main] org.apache.catalina.startup.VersionLoggerListener.log Java Home:             /usr/lib/jvm/java-8-openjdk-amd64/jre
16-Jan-2023 14:16:48.458 INFORMAÇÕES [main] org.apache.catalina.startup.VersionLoggerListener.log JVM Version:           1.8.0_352-8u352-ga-1~22.04-b08
16-Jan-2023 14:16:48.458 INFORMAÇÕES [main] org.apache.catalina.startup.VersionLoggerListener.log JVM Vendor:            Private Build
16-Jan-2023 14:16:48.458 INFORMAÇÕES [main] org.apache.catalina.startup.VersionLoggerListener.log CATALINA_BASE:         /home/will-feral/curso-jenkins/apache-tomcat-8.5.50
16-Jan-2023 14:16:48.458 INFORMAÇÕES [main] org.apache.catalina.startup.VersionLoggerListener.log CATALINA_HOME:         /home/will-feral/curso-jenkins/apache-tomcat-8.5.50
16-Jan-2023 14:16:48.459 INFORMAÇÕES [main] org.apache.catalina.startup.VersionLoggerListener.log Command line argument: -Djava.util.logging.config.file=/home/will-feral/curso-jenkins/apache-tomcat-8.5.50/conf/logging.properties
16-Jan-2023 14:16:48.459 INFORMAÇÕES [main] org.apache.catalina.startup.VersionLoggerListener.log Command line argument: -Djava.util.logging.manager=org.apache.juli.ClassLoaderLogManager
16-Jan-2023 14:16:48.459 INFORMAÇÕES [main] org.apache.catalina.startup.VersionLoggerListener.log Command line argument: -Djdk.tls.ephemeralDHKeySize=2048
16-Jan-2023 14:16:48.459 INFORMAÇÕES [main] org.apache.catalina.startup.VersionLoggerListener.log Command line argument: -Djava.protocol.handler.pkgs=org.apache.catalina.webresources
16-Jan-2023 14:16:48.459 INFORMAÇÕES [main] org.apache.catalina.startup.VersionLoggerListener.log Command line argument: -Dorg.apache.catalina.security.SecurityListener.UMASK=0027
16-Jan-2023 14:16:48.460 INFORMAÇÕES [main] org.apache.catalina.startup.VersionLoggerListener.log Command line argument: -Dignore.endorsed.dirs=
16-Jan-2023 14:16:48.460 INFORMAÇÕES [main] org.apache.catalina.startup.VersionLoggerListener.log Command line argument: -Dcatalina.base=/home/will-feral/curso-jenkins/apache-tomcat-8.5.50
16-Jan-2023 14:16:48.460 INFORMAÇÕES [main] org.apache.catalina.startup.VersionLoggerListener.log Command line argument: -Dcatalina.home=/home/will-feral/curso-jenkins/apache-tomcat-8.5.50
16-Jan-2023 14:16:48.460 INFORMAÇÕES [main] org.apache.catalina.startup.VersionLoggerListener.log Command line argument: -Djava.io.tmpdir=/home/will-feral/curso-jenkins/apache-tomcat-8.5.50/temp
16-Jan-2023 14:16:48.460 INFORMAÇÕES [main] org.apache.catalina.core.AprLifecycleListener.lifecycleEvent The APR based Apache Tomcat Native library which allows optimal performance in production environments was not found on the java.library.path: [/usr/java/packages/lib/amd64:/usr/lib/x86_64-linux-gnu/jni:/lib/x86_64-linux-gnu:/usr/lib/x86_64-linux-gnu:/usr/lib/jni:/lib:/usr/lib]
16-Jan-2023 14:16:48.571 INFORMAÇÕES [main] org.apache.coyote.AbstractProtocol.init Initializing ProtocolHandler ["http-nio-8001"]
16-Jan-2023 14:16:48.606 INFORMAÇÕES [main] org.apache.tomcat.util.net.NioSelectorPool.getSharedSelector Using a shared selector for servlet write/read
16-Jan-2023 14:16:48.624 INFORMAÇÕES [main] org.apache.coyote.AbstractProtocol.init Initializing ProtocolHandler ["ajp-nio-8009"]
16-Jan-2023 14:16:48.626 INFORMAÇÕES [main] org.apache.tomcat.util.net.NioSelectorPool.getSharedSelector Using a shared selector for servlet write/read
16-Jan-2023 14:16:48.627 INFORMAÇÕES [main] org.apache.catalina.startup.Catalina.load Initialization processed in 897 ms
16-Jan-2023 14:16:48.674 INFORMAÇÕES [main] org.apache.catalina.core.StandardService.startInternal Starting service [Catalina]
16-Jan-2023 14:16:48.674 INFORMAÇÕES [main] org.apache.catalina.core.StandardEngine.startInternal Starting Servlet Engine: Apache Tomcat/8.5.50
16-Jan-2023 14:16:48.722 INFORMAÇÕES [localhost-startStop-1] org.apache.catalina.startup.HostConfig.deployWAR Deploying web application archive [/home/will-feral/curso-jenkins/apache-tomcat-8.5.50/webapps/tasks-backend.war]
16-Jan-2023 14:17:01.347 INFORMAÇÕES [localhost-startStop-1] org.apache.jasper.servlet.TldScanner.scanJars At least one JAR was scanned for TLDs yet contained no TLDs. Enable debug logging for this logger for a complete list of JARs that were scanned but no TLDs were found in them. Skipping unneeded JARs during scanning can improve startup time and JSP compilation time.
16-Jan-2023 14:17:01.414 INFORMAÇÕES [localhost-startStop-1] org.apache.catalina.startup.HostConfig.deployWAR Deployment of web application archive [/home/will-feral/curso-jenkins/apache-tomcat-8.5.50/webapps/tasks-backend.war] has finished in [12,691] ms
16-Jan-2023 14:17:01.416 INFORMAÇÕES [localhost-startStop-1] org.apache.catalina.startup.HostConfig.deployWAR Deploying web application archive [/home/will-feral/curso-jenkins/apache-tomcat-8.5.50/webapps/tasks.war]
16-Jan-2023 14:17:06.464 INFORMAÇÕES [localhost-startStop-1] org.apache.jasper.servlet.TldScanner.scanJars At least one JAR was scanned for TLDs yet contained no TLDs. Enable debug logging for this logger for a complete list of JARs that were scanned but no TLDs were found in them. Skipping unneeded JARs during scanning can improve startup time and JSP compilation time.
16-Jan-2023 14:17:06.472 INFORMAÇÕES [localhost-startStop-1] org.apache.catalina.startup.HostConfig.deployWAR Deployment of web application archive [/home/will-feral/curso-jenkins/apache-tomcat-8.5.50/webapps/tasks.war] has finished in [5,055] ms
16-Jan-2023 14:17:06.473 INFORMAÇÕES [localhost-startStop-1] org.apache.catalina.startup.HostConfig.deployDirectory Deploying web application directory [/home/will-feral/curso-jenkins/apache-tomcat-8.5.50/webapps/manager]
16-Jan-2023 14:17:06.514 INFORMAÇÕES [localhost-startStop-1] org.apache.catalina.startup.HostConfig.deployDirectory Deployment of web application directory [/home/will-feral/curso-jenkins/apache-tomcat-8.5.50/webapps/manager] has finished in [41] ms
16-Jan-2023 14:17:06.515 INFORMAÇÕES [localhost-startStop-1] org.apache.catalina.startup.HostConfig.deployDirectory Deploying web application directory [/home/will-feral/curso-jenkins/apache-tomcat-8.5.50/webapps/docs]
16-Jan-2023 14:17:06.532 INFORMAÇÕES [localhost-startStop-1] org.apache.catalina.startup.HostConfig.deployDirectory Deployment of web application directory [/home/will-feral/curso-jenkins/apache-tomcat-8.5.50/webapps/docs] has finished in [17] ms
16-Jan-2023 14:17:06.533 INFORMAÇÕES [localhost-startStop-1] org.apache.catalina.startup.HostConfig.deployDirectory Deploying web application directory [/home/will-feral/curso-jenkins/apache-tomcat-8.5.50/webapps/ROOT]
16-Jan-2023 14:17:06.549 INFORMAÇÕES [localhost-startStop-1] org.apache.catalina.startup.HostConfig.deployDirectory Deployment of web application directory [/home/will-feral/curso-jenkins/apache-tomcat-8.5.50/webapps/ROOT] has finished in [16] ms
16-Jan-2023 14:17:06.550 INFORMAÇÕES [localhost-startStop-1] org.apache.catalina.startup.HostConfig.deployDirectory Deploying web application directory [/home/will-feral/curso-jenkins/apache-tomcat-8.5.50/webapps/examples]
16-Jan-2023 14:17:06.807 INFORMAÇÕES [localhost-startStop-1] org.apache.catalina.startup.HostConfig.deployDirectory Deployment of web application directory [/home/will-feral/curso-jenkins/apache-tomcat-8.5.50/webapps/examples] has finished in [258] ms
16-Jan-2023 14:17:06.807 INFORMAÇÕES [localhost-startStop-1] org.apache.catalina.startup.HostConfig.deployDirectory Deploying web application directory [/home/will-feral/curso-jenkins/apache-tomcat-8.5.50/webapps/host-manager]
16-Jan-2023 14:17:06.829 INFORMAÇÕES [localhost-startStop-1] org.apache.catalina.startup.HostConfig.deployDirectory Deployment of web application directory [/home/will-feral/curso-jenkins/apache-tomcat-8.5.50/webapps/host-manager] has finished in [22] ms
16-Jan-2023 14:17:06.843 INFORMAÇÕES [main] org.apache.coyote.AbstractProtocol.start Starting ProtocolHandler ["http-nio-8001"]
16-Jan-2023 14:17:06.865 INFORMAÇÕES [main] org.apache.coyote.AbstractProtocol.start Starting ProtocolHandler ["ajp-nio-8009"]
16-Jan-2023 14:17:06.884 INFORMAÇÕES [main] org.apache.catalina.startup.Catalina.start Server startup in 18257 ms
16-Jan-2023 14:21:08.195 ADVERTÊNCIA [http-nio-8001-exec-1] org.apache.catalina.loader.WebappClassLoaderBase.clearReferencesJdbc The web application [tasks-backend] registered the JDBC driver [org.postgresql.Driver] but failed to unregister it when the web application was stopped. To prevent a memory leak, the JDBC Driver has been forcibly unregistered.
16-Jan-2023 14:21:08.844 INFORMAÇÕES [http-nio-8001-exec-1] org.apache.catalina.startup.HostConfig.undeploy Undeploying context [/tasks-backend]
16-Jan-2023 14:21:09.415 INFORMAÇÕES [http-nio-8001-exec-7] org.apache.catalina.startup.HostConfig.deployWAR Deploying web application archive [/home/will-feral/curso-jenkins/apache-tomcat-8.5.50/webapps/tasks-backend.war]
16-Jan-2023 14:21:26.471 INFORMAÇÕES [http-nio-8001-exec-7] org.apache.jasper.servlet.TldScanner.scanJars At least one JAR was scanned for TLDs yet contained no TLDs. Enable debug logging for this logger for a complete list of JARs that were scanned but no TLDs were found in them. Skipping unneeded JARs during scanning can improve startup time and JSP compilation time.
16-Jan-2023 14:21:26.499 INFORMAÇÕES [http-nio-8001-exec-7] org.apache.catalina.startup.HostConfig.deployWAR Deployment of web application archive [/home/will-feral/curso-jenkins/apache-tomcat-8.5.50/webapps/tasks-backend.war] has finished in [17,084] ms
16-Jan-2023 14:32:16.429 ADVERTÊNCIA [http-nio-8001-exec-12] org.apache.catalina.loader.WebappClassLoaderBase.clearReferencesJdbc The web application [tasks-backend] registered the JDBC driver [org.postgresql.Driver] but failed to unregister it when the web application was stopped. To prevent a memory leak, the JDBC Driver has been forcibly unregistered.
16-Jan-2023 14:32:17.041 INFORMAÇÕES [http-nio-8001-exec-12] org.apache.catalina.startup.HostConfig.undeploy Undeploying context [/tasks-backend]
16-Jan-2023 14:32:17.535 INFORMAÇÕES [http-nio-8001-exec-21] org.apache.catalina.startup.HostConfig.deployWAR Deploying web application archive [/home/will-feral/curso-jenkins/apache-tomcat-8.5.50/webapps/tasks-backend.war]
16-Jan-2023 14:32:29.253 GRAVE [http-nio-8001-exec-21] org.apache.catalina.core.ContainerBase.addChildInternal ContainerBase.addChild: start: 
	org.apache.catalina.LifecycleException: Failed to start component [StandardEngine[Catalina].StandardHost[localhost].StandardContext[/tasks-backend]]
		at org.apache.catalina.util.LifecycleBase.handleSubClassException(LifecycleBase.java:440)
		at org.apache.catalina.util.LifecycleBase.start(LifecycleBase.java:198)
		at org.apache.catalina.core.ContainerBase.addChildInternal(ContainerBase.java:743)
		at org.apache.catalina.core.ContainerBase.addChild(ContainerBase.java:719)
		at org.apache.catalina.core.StandardHost.addChild(StandardHost.java:705)
		at org.apache.catalina.startup.HostConfig.deployWAR(HostConfig.java:970)
		at org.apache.catalina.startup.HostConfig.deployApps(HostConfig.java:492)
		at org.apache.catalina.startup.HostConfig.check(HostConfig.java:1634)
		at sun.reflect.NativeMethodAccessorImpl.invoke0(Native Method)
		at sun.reflect.NativeMethodAccessorImpl.invoke(NativeMethodAccessorImpl.java:62)
		at sun.reflect.DelegatingMethodAccessorImpl.invoke(DelegatingMethodAccessorImpl.java:43)
		at java.lang.reflect.Method.invoke(Method.java:498)
		at org.apache.tomcat.util.modeler.BaseModelMBean.invoke(BaseModelMBean.java:287)
		at com.sun.jmx.interceptor.DefaultMBeanServerInterceptor.invoke(DefaultMBeanServerInterceptor.java:819)
		at com.sun.jmx.mbeanserver.JmxMBeanServer.invoke(JmxMBeanServer.java:801)
		at org.apache.catalina.manager.ManagerServlet.check(ManagerServlet.java:1559)
		at org.apache.catalina.manager.ManagerServlet.deploy(ManagerServlet.java:814)
		at org.apache.catalina.manager.ManagerServlet.doPut(ManagerServlet.java:447)
		at javax.servlet.http.HttpServlet.service(HttpServlet.java:663)
		at javax.servlet.http.HttpServlet.service(HttpServlet.java:741)
		at org.apache.catalina.core.ApplicationFilterChain.internalDoFilter(ApplicationFilterChain.java:231)
		at org.apache.catalina.core.ApplicationFilterChain.doFilter(ApplicationFilterChain.java:166)
		at org.apache.tomcat.websocket.server.WsFilter.doFilter(WsFilter.java:52)
		at org.apache.catalina.core.ApplicationFilterChain.internalDoFilter(ApplicationFilterChain.java:193)
		at org.apache.catalina.core.ApplicationFilterChain.doFilter(ApplicationFilterChain.java:166)
		at org.apache.catalina.filters.SetCharacterEncodingFilter.doFilter(SetCharacterEncodingFilter.java:109)
		at org.apache.catalina.core.ApplicationFilterChain.internalDoFilter(ApplicationFilterChain.java:193)
		at org.apache.catalina.core.ApplicationFilterChain.doFilter(ApplicationFilterChain.java:166)
		at org.apache.catalina.core.StandardWrapperValve.invoke(StandardWrapperValve.java:199)
		at org.apache.catalina.core.StandardContextValve.invoke(StandardContextValve.java:96)
		at org.apache.catalina.authenticator.AuthenticatorBase.invoke(AuthenticatorBase.java:668)
		at org.apache.catalina.valves.RequestFilterValve.process(RequestFilterValve.java:348)
		at org.apache.catalina.valves.RemoteAddrValve.invoke(RemoteAddrValve.java:52)
		at org.apache.catalina.core.StandardHostValve.invoke(StandardHostValve.java:139)
		at org.apache.catalina.valves.ErrorReportValve.invoke(ErrorReportValve.java:81)
		at org.apache.catalina.valves.AbstractAccessLogValve.invoke(AbstractAccessLogValve.java:678)
		at org.apache.catalina.core.StandardEngineValve.invoke(StandardEngineValve.java:87)
		at org.apache.catalina.connector.CoyoteAdapter.service(CoyoteAdapter.java:343)
		at org.apache.coyote.http11.Http11Processor.service(Http11Processor.java:609)
		at org.apache.coyote.AbstractProcessorLight.process(AbstractProcessorLight.java:65)
		at org.apache.coyote.AbstractProtocol$ConnectionHandler.process(AbstractProtocol.java:810)
		at org.apache.tomcat.util.net.NioEndpoint$SocketProcessor.doRun(NioEndpoint.java:1623)
		at org.apache.tomcat.util.net.SocketProcessorBase.run(SocketProcessorBase.java:49)
		at java.util.concurrent.ThreadPoolExecutor.runWorker(ThreadPoolExecutor.java:1149)
		at java.util.concurrent.ThreadPoolExecutor$Worker.run(ThreadPoolExecutor.java:624)
		at org.apache.tomcat.util.threads.TaskThread$WrappingRunnable.run(TaskThread.java:61)
		at java.lang.Thread.run(Thread.java:750)
	Caused by: org.springframework.beans.factory.BeanCreationException: Error creating bean with name 'entityManagerFactory' defined in class path resource [org/springframework/boot/autoconfigure/orm/jpa/HibernateJpaConfiguration.class]: Invocation of init method failed; nested exception is javax.persistence.PersistenceException: [PersistenceUnit: default] Unable to build Hibernate SessionFactory; nested exception is org.hibernate.exception.JDBCConnectionException: Unable to open JDBC Connection for DDL execution
		at org.springframework.beans.factory.support.AbstractAutowireCapableBeanFactory.initializeBean(AbstractAutowireCapableBeanFactory.java:1796)
		at org.springframework.beans.factory.support.AbstractAutowireCapableBeanFactory.doCreateBean(AbstractAutowireCapableBeanFactory.java:595)
		at org.springframework.beans.factory.support.AbstractAutowireCapableBeanFactory.createBean(AbstractAutowireCapableBeanFactory.java:517)
		at org.springframework.beans.factory.support.AbstractBeanFactory.lambda$doGetBean$0(AbstractBeanFactory.java:323)
		at org.springframework.beans.factory.support.DefaultSingletonBeanRegistry.getSingleton(DefaultSingletonBeanRegistry.java:222)
		at org.springframework.beans.factory.support.AbstractBeanFactory.doGetBean(AbstractBeanFactory.java:321)
		at org.springframework.beans.factory.support.AbstractBeanFactory.getBean(AbstractBeanFactory.java:202)
		at org.springframework.context.support.AbstractApplicationContext.getBean(AbstractApplicationContext.java:1108)
		at org.springframework.context.support.AbstractApplicationContext.finishBeanFactoryInitialization(AbstractApplicationContext.java:868)
		at org.springframework.context.support.AbstractApplicationContext.refresh(AbstractApplicationContext.java:550)
		at org.springframework.boot.web.servlet.context.ServletWebServerApplicationContext.refresh(ServletWebServerApplicationContext.java:141)
		at org.springframework.boot.SpringApplication.refresh(SpringApplication.java:747)
		at org.springframework.boot.SpringApplication.refreshContext(SpringApplication.java:397)
		at org.springframework.boot.SpringApplication.run(SpringApplication.java:315)
		at org.springframework.boot.web.servlet.support.SpringBootServletInitializer.run(SpringBootServletInitializer.java:152)
		at org.springframework.boot.web.servlet.support.SpringBootServletInitializer.createRootApplicationContext(SpringBootServletInitializer.java:132)
		at org.springframework.boot.web.servlet.support.SpringBootServletInitializer.onStartup(SpringBootServletInitializer.java:92)
		at org.springframework.web.SpringServletContainerInitializer.onStartup(SpringServletContainerInitializer.java:172)
		at org.apache.catalina.core.StandardContext.startInternal(StandardContext.java:5154)
		at org.apache.catalina.util.LifecycleBase.start(LifecycleBase.java:183)
		... 45 more
	Caused by: javax.persistence.PersistenceException: [PersistenceUnit: default] Unable to build Hibernate SessionFactory; nested exception is org.hibernate.exception.JDBCConnectionException: Unable to open JDBC Connection for DDL execution
		at org.springframework.orm.jpa.AbstractEntityManagerFactoryBean.buildNativeEntityManagerFactory(AbstractEntityManagerFactoryBean.java:403)
		at org.springframework.orm.jpa.AbstractEntityManagerFactoryBean.afterPropertiesSet(AbstractEntityManagerFactoryBean.java:378)
		at org.springframework.orm.jpa.LocalContainerEntityManagerFactoryBean.afterPropertiesSet(LocalContainerEntityManagerFactoryBean.java:341)
		at org.springframework.beans.factory.support.AbstractAutowireCapableBeanFactory.invokeInitMethods(AbstractAutowireCapableBeanFactory.java:1855)
		at org.springframework.beans.factory.support.AbstractAutowireCapableBeanFactory.initializeBean(AbstractAutowireCapableBeanFactory.java:1792)
		... 64 more
	Caused by: org.hibernate.exception.JDBCConnectionException: Unable to open JDBC Connection for DDL execution
		at org.hibernate.exception.internal.SQLStateConversionDelegate.convert(SQLStateConversionDelegate.java:112)
		at org.hibernate.exception.internal.StandardSQLExceptionConverter.convert(StandardSQLExceptionConverter.java:42)
		at org.hibernate.engine.jdbc.spi.SqlExceptionHelper.convert(SqlExceptionHelper.java:113)
		at org.hibernate.engine.jdbc.spi.SqlExceptionHelper.convert(SqlExceptionHelper.java:99)
		at org.hibernate.resource.transaction.backend.jdbc.internal.DdlTransactionIsolatorNonJtaImpl.getIsolatedConnection(DdlTransactionIsolatorNonJtaImpl.java:69)
		at org.hibernate.tool.schema.internal.exec.GenerationTargetToDatabase.jdbcStatement(GenerationTargetToDatabase.java:77)
		at org.hibernate.tool.schema.internal.exec.GenerationTargetToDatabase.accept(GenerationTargetToDatabase.java:53)
		at org.hibernate.tool.schema.internal.SchemaDropperImpl.applySqlString(SchemaDropperImpl.java:375)
		at org.hibernate.tool.schema.internal.SchemaDropperImpl.applySqlStrings(SchemaDropperImpl.java:359)
		at org.hibernate.tool.schema.internal.SchemaDropperImpl.dropFromMetadata(SchemaDropperImpl.java:241)
		at org.hibernate.tool.schema.internal.SchemaDropperImpl.performDrop(SchemaDropperImpl.java:154)
		at org.hibernate.tool.schema.internal.SchemaDropperImpl.doDrop(SchemaDropperImpl.java:126)
		at org.hibernate.tool.schema.internal.SchemaDropperImpl.doDrop(SchemaDropperImpl.java:112)
		at org.hibernate.tool.schema.spi.SchemaManagementToolCoordinator.performDatabaseAction(SchemaManagementToolCoordinator.java:145)
		at org.hibernate.tool.schema.spi.SchemaManagementToolCoordinator.process(SchemaManagementToolCoordinator.java:73)
		at org.hibernate.internal.SessionFactoryImpl.<init>(SessionFactoryImpl.java:320)
		at org.hibernate.boot.internal.SessionFactoryBuilderImpl.build(SessionFactoryBuilderImpl.java:462)
		at org.hibernate.jpa.boot.internal.EntityManagerFactoryBuilderImpl.build(EntityManagerFactoryBuilderImpl.java:1237)
		at org.springframework.orm.jpa.vendor.SpringHibernateJpaPersistenceProvider.createContainerEntityManagerFactory(SpringHibernateJpaPersistenceProvider.java:58)
		at org.springframework.orm.jpa.LocalContainerEntityManagerFactoryBean.createNativeEntityManagerFactory(LocalContainerEntityManagerFactoryBean.java:365)
		at org.springframework.orm.jpa.AbstractEntityManagerFactoryBean.buildNativeEntityManagerFactory(AbstractEntityManagerFactoryBean.java:391)
		... 68 more
	Caused by: org.postgresql.util.PSQLException: Connection to 127.0.0.1:5433 refused. Check that the hostname and port are correct and that the postmaster is accepting TCP/IP connections.
		at org.postgresql.core.v3.ConnectionFactoryImpl.openConnectionImpl(ConnectionFactoryImpl.java:280)
		at org.postgresql.core.ConnectionFactory.openConnection(ConnectionFactory.java:49)
		at org.postgresql.jdbc.PgConnection.<init>(PgConnection.java:211)
		at org.postgresql.Driver.makeConnection(Driver.java:458)
		at org.postgresql.Driver.connect(Driver.java:260)
		at com.zaxxer.hikari.util.DriverDataSource.getConnection(DriverDataSource.java:138)
		at com.zaxxer.hikari.pool.PoolBase.newConnection(PoolBase.java:354)
		at com.zaxxer.hikari.pool.PoolBase.newPoolEntry(PoolBase.java:202)
		at com.zaxxer.hikari.pool.HikariPool.createPoolEntry(HikariPool.java:473)
		at com.zaxxer.hikari.pool.HikariPool.checkFailFast(HikariPool.java:554)
		at com.zaxxer.hikari.pool.HikariPool.<init>(HikariPool.java:115)
		at com.zaxxer.hikari.HikariDataSource.getConnection(HikariDataSource.java:112)
		at org.hibernate.engine.jdbc.connections.internal.DatasourceConnectionProviderImpl.getConnection(DatasourceConnectionProviderImpl.java:122)
		at org.hibernate.engine.jdbc.env.internal.JdbcEnvironmentInitiator$ConnectionProviderJdbcConnectionAccess.obtainConnection(JdbcEnvironmentInitiator.java:180)
		at org.hibernate.resource.transaction.backend.jdbc.internal.DdlTransactionIsolatorNonJtaImpl.getIsolatedConnection(DdlTransactionIsolatorNonJtaImpl.java:43)
		... 84 more
	Caused by: java.net.ConnectException: Conexão recusada (Connection refused)
		at java.net.PlainSocketImpl.socketConnect(Native Method)
		at java.net.AbstractPlainSocketImpl.doConnect(AbstractPlainSocketImpl.java:350)
		at java.net.AbstractPlainSocketImpl.connectToAddress(AbstractPlainSocketImpl.java:206)
		at java.net.AbstractPlainSocketImpl.connect(AbstractPlainSocketImpl.java:188)
		at java.net.SocksSocketImpl.connect(SocksSocketImpl.java:392)
		at java.net.Socket.connect(Socket.java:607)
		at org.postgresql.core.PGStream.<init>(PGStream.java:75)
		at org.postgresql.core.v3.ConnectionFactoryImpl.tryConnect(ConnectionFactoryImpl.java:91)
		at org.postgresql.core.v3.ConnectionFactoryImpl.openConnectionImpl(ConnectionFactoryImpl.java:192)
		... 98 more
16-Jan-2023 14:32:29.279 GRAVE [http-nio-8001-exec-21] org.apache.catalina.startup.HostConfig.deployWAR Error deploying web application archive [/home/will-feral/curso-jenkins/apache-tomcat-8.5.50/webapps/tasks-backend.war]
	java.lang.IllegalStateException: ContainerBase.addChild: start: org.apache.catalina.LifecycleException: Failed to start component [StandardEngine[Catalina].StandardHost[localhost].StandardContext[/tasks-backend]]
		at org.apache.catalina.core.ContainerBase.addChildInternal(ContainerBase.java:747)
		at org.apache.catalina.core.ContainerBase.addChild(ContainerBase.java:719)
		at org.apache.catalina.core.StandardHost.addChild(StandardHost.java:705)
		at org.apache.catalina.startup.HostConfig.deployWAR(HostConfig.java:970)
		at org.apache.catalina.startup.HostConfig.deployApps(HostConfig.java:492)
		at org.apache.catalina.startup.HostConfig.check(HostConfig.java:1634)
		at sun.reflect.NativeMethodAccessorImpl.invoke0(Native Method)
		at sun.reflect.NativeMethodAccessorImpl.invoke(NativeMethodAccessorImpl.java:62)
		at sun.reflect.DelegatingMethodAccessorImpl.invoke(DelegatingMethodAccessorImpl.java:43)
		at java.lang.reflect.Method.invoke(Method.java:498)
		at org.apache.tomcat.util.modeler.BaseModelMBean.invoke(BaseModelMBean.java:287)
		at com.sun.jmx.interceptor.DefaultMBeanServerInterceptor.invoke(DefaultMBeanServerInterceptor.java:819)
		at com.sun.jmx.mbeanserver.JmxMBeanServer.invoke(JmxMBeanServer.java:801)
		at org.apache.catalina.manager.ManagerServlet.check(ManagerServlet.java:1559)
		at org.apache.catalina.manager.ManagerServlet.deploy(ManagerServlet.java:814)
		at org.apache.catalina.manager.ManagerServlet.doPut(ManagerServlet.java:447)
		at javax.servlet.http.HttpServlet.service(HttpServlet.java:663)
		at javax.servlet.http.HttpServlet.service(HttpServlet.java:741)
		at org.apache.catalina.core.ApplicationFilterChain.internalDoFilter(ApplicationFilterChain.java:231)
		at org.apache.catalina.core.ApplicationFilterChain.doFilter(ApplicationFilterChain.java:166)
		at org.apache.tomcat.websocket.server.WsFilter.doFilter(WsFilter.java:52)
		at org.apache.catalina.core.ApplicationFilterChain.internalDoFilter(ApplicationFilterChain.java:193)
		at org.apache.catalina.core.ApplicationFilterChain.doFilter(ApplicationFilterChain.java:166)
		at org.apache.catalina.filters.SetCharacterEncodingFilter.doFilter(SetCharacterEncodingFilter.java:109)
		at org.apache.catalina.core.ApplicationFilterChain.internalDoFilter(ApplicationFilterChain.java:193)
		at org.apache.catalina.core.ApplicationFilterChain.doFilter(ApplicationFilterChain.java:166)
		at org.apache.catalina.core.StandardWrapperValve.invoke(StandardWrapperValve.java:199)
		at org.apache.catalina.core.StandardContextValve.invoke(StandardContextValve.java:96)
		at org.apache.catalina.authenticator.AuthenticatorBase.invoke(AuthenticatorBase.java:668)
		at org.apache.catalina.valves.RequestFilterValve.process(RequestFilterValve.java:348)
		at org.apache.catalina.valves.RemoteAddrValve.invoke(RemoteAddrValve.java:52)
		at org.apache.catalina.core.StandardHostValve.invoke(StandardHostValve.java:139)
		at org.apache.catalina.valves.ErrorReportValve.invoke(ErrorReportValve.java:81)
		at org.apache.catalina.valves.AbstractAccessLogValve.invoke(AbstractAccessLogValve.java:678)
		at org.apache.catalina.core.StandardEngineValve.invoke(StandardEngineValve.java:87)
		at org.apache.catalina.connector.CoyoteAdapter.service(CoyoteAdapter.java:343)
		at org.apache.coyote.http11.Http11Processor.service(Http11Processor.java:609)
		at org.apache.coyote.AbstractProcessorLight.process(AbstractProcessorLight.java:65)
		at org.apache.coyote.AbstractProtocol$ConnectionHandler.process(AbstractProtocol.java:810)
		at org.apache.tomcat.util.net.NioEndpoint$SocketProcessor.doRun(NioEndpoint.java:1623)
		at org.apache.tomcat.util.net.SocketProcessorBase.run(SocketProcessorBase.java:49)
		at java.util.concurrent.ThreadPoolExecutor.runWorker(ThreadPoolExecutor.java:1149)
		at java.util.concurrent.ThreadPoolExecutor$Worker.run(ThreadPoolExecutor.java:624)
		at org.apache.tomcat.util.threads.TaskThread$WrappingRunnable.run(TaskThread.java:61)
		at java.lang.Thread.run(Thread.java:750)
16-Jan-2023 14:32:29.282 INFORMAÇÕES [http-nio-8001-exec-21] org.apache.catalina.startup.HostConfig.deployWAR Deployment of web application archive [/home/will-feral/curso-jenkins/apache-tomcat-8.5.50/webapps/tasks-backend.war] has finished in [11,746] ms
16-Jan-2023 15:14:48.707 ADVERTÊNCIA [http-nio-8001-exec-25] org.apache.catalina.loader.WebappClassLoaderBase.clearReferencesJdbc The web application [tasks-backend] registered the JDBC driver [org.postgresql.Driver] but failed to unregister it when the web application was stopped. To prevent a memory leak, the JDBC Driver has been forcibly unregistered.
16-Jan-2023 15:14:49.429 INFORMAÇÕES [http-nio-8001-exec-25] org.apache.catalina.startup.HostConfig.undeploy Undeploying context [/tasks-backend]
16-Jan-2023 15:14:49.859 INFORMAÇÕES [http-nio-8001-exec-24] org.apache.catalina.startup.HostConfig.deployWAR Deploying web application archive [/home/will-feral/curso-jenkins/apache-tomcat-8.5.50/webapps/tasks-backend.war]
16-Jan-2023 15:15:06.733 GRAVE [http-nio-8001-exec-24] org.apache.catalina.core.ContainerBase.addChildInternal ContainerBase.addChild: start: 
	org.apache.catalina.LifecycleException: Failed to start component [StandardEngine[Catalina].StandardHost[localhost].StandardContext[/tasks-backend]]
		at org.apache.catalina.util.LifecycleBase.handleSubClassException(LifecycleBase.java:440)
		at org.apache.catalina.util.LifecycleBase.start(LifecycleBase.java:198)
		at org.apache.catalina.core.ContainerBase.addChildInternal(ContainerBase.java:743)
		at org.apache.catalina.core.ContainerBase.addChild(ContainerBase.java:719)
		at org.apache.catalina.core.StandardHost.addChild(StandardHost.java:705)
		at org.apache.catalina.startup.HostConfig.deployWAR(HostConfig.java:970)
		at org.apache.catalina.startup.HostConfig.deployApps(HostConfig.java:492)
		at org.apache.catalina.startup.HostConfig.check(HostConfig.java:1634)
		at sun.reflect.NativeMethodAccessorImpl.invoke0(Native Method)
		at sun.reflect.NativeMethodAccessorImpl.invoke(NativeMethodAccessorImpl.java:62)
		at sun.reflect.DelegatingMethodAccessorImpl.invoke(DelegatingMethodAccessorImpl.java:43)
		at java.lang.reflect.Method.invoke(Method.java:498)
		at org.apache.tomcat.util.modeler.BaseModelMBean.invoke(BaseModelMBean.java:287)
		at com.sun.jmx.interceptor.DefaultMBeanServerInterceptor.invoke(DefaultMBeanServerInterceptor.java:819)
		at com.sun.jmx.mbeanserver.JmxMBeanServer.invoke(JmxMBeanServer.java:801)
		at org.apache.catalina.manager.ManagerServlet.check(ManagerServlet.java:1559)
		at org.apache.catalina.manager.ManagerServlet.deploy(ManagerServlet.java:814)
		at org.apache.catalina.manager.ManagerServlet.doPut(ManagerServlet.java:447)
		at javax.servlet.http.HttpServlet.service(HttpServlet.java:663)
		at javax.servlet.http.HttpServlet.service(HttpServlet.java:741)
		at org.apache.catalina.core.ApplicationFilterChain.internalDoFilter(ApplicationFilterChain.java:231)
		at org.apache.catalina.core.ApplicationFilterChain.doFilter(ApplicationFilterChain.java:166)
		at org.apache.tomcat.websocket.server.WsFilter.doFilter(WsFilter.java:52)
		at org.apache.catalina.core.ApplicationFilterChain.internalDoFilter(ApplicationFilterChain.java:193)
		at org.apache.catalina.core.ApplicationFilterChain.doFilter(ApplicationFilterChain.java:166)
		at org.apache.catalina.filters.SetCharacterEncodingFilter.doFilter(SetCharacterEncodingFilter.java:109)
		at org.apache.catalina.core.ApplicationFilterChain.internalDoFilter(ApplicationFilterChain.java:193)
		at org.apache.catalina.core.ApplicationFilterChain.doFilter(ApplicationFilterChain.java:166)
		at org.apache.catalina.core.StandardWrapperValve.invoke(StandardWrapperValve.java:199)
		at org.apache.catalina.core.StandardContextValve.invoke(StandardContextValve.java:96)
		at org.apache.catalina.authenticator.AuthenticatorBase.invoke(AuthenticatorBase.java:668)
		at org.apache.catalina.valves.RequestFilterValve.process(RequestFilterValve.java:348)
		at org.apache.catalina.valves.RemoteAddrValve.invoke(RemoteAddrValve.java:52)
		at org.apache.catalina.core.StandardHostValve.invoke(StandardHostValve.java:139)
		at org.apache.catalina.valves.ErrorReportValve.invoke(ErrorReportValve.java:81)
		at org.apache.catalina.valves.AbstractAccessLogValve.invoke(AbstractAccessLogValve.java:678)
		at org.apache.catalina.core.StandardEngineValve.invoke(StandardEngineValve.java:87)
		at org.apache.catalina.connector.CoyoteAdapter.service(CoyoteAdapter.java:343)
		at org.apache.coyote.http11.Http11Processor.service(Http11Processor.java:609)
		at org.apache.coyote.AbstractProcessorLight.process(AbstractProcessorLight.java:65)
		at org.apache.coyote.AbstractProtocol$ConnectionHandler.process(AbstractProtocol.java:810)
		at org.apache.tomcat.util.net.NioEndpoint$SocketProcessor.doRun(NioEndpoint.java:1623)
		at org.apache.tomcat.util.net.SocketProcessorBase.run(SocketProcessorBase.java:49)
		at java.util.concurrent.ThreadPoolExecutor.runWorker(ThreadPoolExecutor.java:1149)
		at java.util.concurrent.ThreadPoolExecutor$Worker.run(ThreadPoolExecutor.java:624)
		at org.apache.tomcat.util.threads.TaskThread$WrappingRunnable.run(TaskThread.java:61)
		at java.lang.Thread.run(Thread.java:750)
	Caused by: org.springframework.beans.factory.BeanCreationException: Error creating bean with name 'entityManagerFactory' defined in class path resource [org/springframework/boot/autoconfigure/orm/jpa/HibernateJpaConfiguration.class]: Invocation of init method failed; nested exception is javax.persistence.PersistenceException: [PersistenceUnit: default] Unable to build Hibernate SessionFactory; nested exception is org.hibernate.exception.JDBCConnectionException: Unable to open JDBC Connection for DDL execution
		at org.springframework.beans.factory.support.AbstractAutowireCapableBeanFactory.initializeBean(AbstractAutowireCapableBeanFactory.java:1796)
		at org.springframework.beans.factory.support.AbstractAutowireCapableBeanFactory.doCreateBean(AbstractAutowireCapableBeanFactory.java:595)
		at org.springframework.beans.factory.support.AbstractAutowireCapableBeanFactory.createBean(AbstractAutowireCapableBeanFactory.java:517)
		at org.springframework.beans.factory.support.AbstractBeanFactory.lambda$doGetBean$0(AbstractBeanFactory.java:323)
		at org.springframework.beans.factory.support.DefaultSingletonBeanRegistry.getSingleton(DefaultSingletonBeanRegistry.java:222)
		at org.springframework.beans.factory.support.AbstractBeanFactory.doGetBean(AbstractBeanFactory.java:321)
		at org.springframework.beans.factory.support.AbstractBeanFactory.getBean(AbstractBeanFactory.java:202)
		at org.springframework.context.support.AbstractApplicationContext.getBean(AbstractApplicationContext.java:1108)
		at org.springframework.context.support.AbstractApplicationContext.finishBeanFactoryInitialization(AbstractApplicationContext.java:868)
		at org.springframework.context.support.AbstractApplicationContext.refresh(AbstractApplicationContext.java:550)
		at org.springframework.boot.web.servlet.context.ServletWebServerApplicationContext.refresh(ServletWebServerApplicationContext.java:141)
		at org.springframework.boot.SpringApplication.refresh(SpringApplication.java:747)
		at org.springframework.boot.SpringApplication.refreshContext(SpringApplication.java:397)
		at org.springframework.boot.SpringApplication.run(SpringApplication.java:315)
		at org.springframework.boot.web.servlet.support.SpringBootServletInitializer.run(SpringBootServletInitializer.java:152)
		at org.springframework.boot.web.servlet.support.SpringBootServletInitializer.createRootApplicationContext(SpringBootServletInitializer.java:132)
		at org.springframework.boot.web.servlet.support.SpringBootServletInitializer.onStartup(SpringBootServletInitializer.java:92)
		at org.springframework.web.SpringServletContainerInitializer.onStartup(SpringServletContainerInitializer.java:172)
		at org.apache.catalina.core.StandardContext.startInternal(StandardContext.java:5154)
		at org.apache.catalina.util.LifecycleBase.start(LifecycleBase.java:183)
		... 45 more
	Caused by: javax.persistence.PersistenceException: [PersistenceUnit: default] Unable to build Hibernate SessionFactory; nested exception is org.hibernate.exception.JDBCConnectionException: Unable to open JDBC Connection for DDL execution
		at org.springframework.orm.jpa.AbstractEntityManagerFactoryBean.buildNativeEntityManagerFactory(AbstractEntityManagerFactoryBean.java:403)
		at org.springframework.orm.jpa.AbstractEntityManagerFactoryBean.afterPropertiesSet(AbstractEntityManagerFactoryBean.java:378)
		at org.springframework.orm.jpa.LocalContainerEntityManagerFactoryBean.afterPropertiesSet(LocalContainerEntityManagerFactoryBean.java:341)
		at org.springframework.beans.factory.support.AbstractAutowireCapableBeanFactory.invokeInitMethods(AbstractAutowireCapableBeanFactory.java:1855)
		at org.springframework.beans.factory.support.AbstractAutowireCapableBeanFactory.initializeBean(AbstractAutowireCapableBeanFactory.java:1792)
		... 64 more
	Caused by: org.hibernate.exception.JDBCConnectionException: Unable to open JDBC Connection for DDL execution
		at org.hibernate.exception.internal.SQLStateConversionDelegate.convert(SQLStateConversionDelegate.java:112)
		at org.hibernate.exception.internal.StandardSQLExceptionConverter.convert(StandardSQLExceptionConverter.java:42)
		at org.hibernate.engine.jdbc.spi.SqlExceptionHelper.convert(SqlExceptionHelper.java:113)
		at org.hibernate.engine.jdbc.spi.SqlExceptionHelper.convert(SqlExceptionHelper.java:99)
		at org.hibernate.resource.transaction.backend.jdbc.internal.DdlTransactionIsolatorNonJtaImpl.getIsolatedConnection(DdlTransactionIsolatorNonJtaImpl.java:69)
		at org.hibernate.tool.schema.internal.exec.GenerationTargetToDatabase.jdbcStatement(GenerationTargetToDatabase.java:77)
		at org.hibernate.tool.schema.internal.exec.GenerationTargetToDatabase.accept(GenerationTargetToDatabase.java:53)
		at org.hibernate.tool.schema.internal.SchemaDropperImpl.applySqlString(SchemaDropperImpl.java:375)
		at org.hibernate.tool.schema.internal.SchemaDropperImpl.applySqlStrings(SchemaDropperImpl.java:359)
		at org.hibernate.tool.schema.internal.SchemaDropperImpl.dropFromMetadata(SchemaDropperImpl.java:241)
		at org.hibernate.tool.schema.internal.SchemaDropperImpl.performDrop(SchemaDropperImpl.java:154)
		at org.hibernate.tool.schema.internal.SchemaDropperImpl.doDrop(SchemaDropperImpl.java:126)
		at org.hibernate.tool.schema.internal.SchemaDropperImpl.doDrop(SchemaDropperImpl.java:112)
		at org.hibernate.tool.schema.spi.SchemaManagementToolCoordinator.performDatabaseAction(SchemaManagementToolCoordinator.java:145)
		at org.hibernate.tool.schema.spi.SchemaManagementToolCoordinator.process(SchemaManagementToolCoordinator.java:73)
		at org.hibernate.internal.SessionFactoryImpl.<init>(SessionFactoryImpl.java:320)
		at org.hibernate.boot.internal.SessionFactoryBuilderImpl.build(SessionFactoryBuilderImpl.java:462)
		at org.hibernate.jpa.boot.internal.EntityManagerFactoryBuilderImpl.build(EntityManagerFactoryBuilderImpl.java:1237)
		at org.springframework.orm.jpa.vendor.SpringHibernateJpaPersistenceProvider.createContainerEntityManagerFactory(SpringHibernateJpaPersistenceProvider.java:58)
		at org.springframework.orm.jpa.LocalContainerEntityManagerFactoryBean.createNativeEntityManagerFactory(LocalContainerEntityManagerFactoryBean.java:365)
		at org.springframework.orm.jpa.AbstractEntityManagerFactoryBean.buildNativeEntityManagerFactory(AbstractEntityManagerFactoryBean.java:391)
		... 68 more
	Caused by: org.postgresql.util.PSQLException: Connection to 127.0.0.1:5433 refused. Check that the hostname and port are correct and that the postmaster is accepting TCP/IP connections.
		at org.postgresql.core.v3.ConnectionFactoryImpl.openConnectionImpl(ConnectionFactoryImpl.java:280)
		at org.postgresql.core.ConnectionFactory.openConnection(ConnectionFactory.java:49)
		at org.postgresql.jdbc.PgConnection.<init>(PgConnection.java:211)
		at org.postgresql.Driver.makeConnection(Driver.java:458)
		at org.postgresql.Driver.connect(Driver.java:260)
		at com.zaxxer.hikari.util.DriverDataSource.getConnection(DriverDataSource.java:138)
		at com.zaxxer.hikari.pool.PoolBase.newConnection(PoolBase.java:354)
		at com.zaxxer.hikari.pool.PoolBase.newPoolEntry(PoolBase.java:202)
		at com.zaxxer.hikari.pool.HikariPool.createPoolEntry(HikariPool.java:473)
		at com.zaxxer.hikari.pool.HikariPool.checkFailFast(HikariPool.java:554)
		at com.zaxxer.hikari.pool.HikariPool.<init>(HikariPool.java:115)
		at com.zaxxer.hikari.HikariDataSource.getConnection(HikariDataSource.java:112)
		at org.hibernate.engine.jdbc.connections.internal.DatasourceConnectionProviderImpl.getConnection(DatasourceConnectionProviderImpl.java:122)
		at org.hibernate.engine.jdbc.env.internal.JdbcEnvironmentInitiator$ConnectionProviderJdbcConnectionAccess.obtainConnection(JdbcEnvironmentInitiator.java:180)
		at org.hibernate.resource.transaction.backend.jdbc.internal.DdlTransactionIsolatorNonJtaImpl.getIsolatedConnection(DdlTransactionIsolatorNonJtaImpl.java:43)
		... 84 more
	Caused by: java.net.ConnectException: Conexão recusada (Connection refused)
		at java.net.PlainSocketImpl.socketConnect(Native Method)
		at java.net.AbstractPlainSocketImpl.doConnect(AbstractPlainSocketImpl.java:350)
		at java.net.AbstractPlainSocketImpl.connectToAddress(AbstractPlainSocketImpl.java:206)
		at java.net.AbstractPlainSocketImpl.connect(AbstractPlainSocketImpl.java:188)
		at java.net.SocksSocketImpl.connect(SocksSocketImpl.java:392)
		at java.net.Socket.connect(Socket.java:607)
		at org.postgresql.core.PGStream.<init>(PGStream.java:75)
		at org.postgresql.core.v3.ConnectionFactoryImpl.tryConnect(ConnectionFactoryImpl.java:91)
		at org.postgresql.core.v3.ConnectionFactoryImpl.openConnectionImpl(ConnectionFactoryImpl.java:192)
		... 98 more
16-Jan-2023 15:15:06.739 GRAVE [http-nio-8001-exec-24] org.apache.catalina.startup.HostConfig.deployWAR Error deploying web application archive [/home/will-feral/curso-jenkins/apache-tomcat-8.5.50/webapps/tasks-backend.war]
	java.lang.IllegalStateException: ContainerBase.addChild: start: org.apache.catalina.LifecycleException: Failed to start component [StandardEngine[Catalina].StandardHost[localhost].StandardContext[/tasks-backend]]
		at org.apache.catalina.core.ContainerBase.addChildInternal(ContainerBase.java:747)
		at org.apache.catalina.core.ContainerBase.addChild(ContainerBase.java:719)
		at org.apache.catalina.core.StandardHost.addChild(StandardHost.java:705)
		at org.apache.catalina.startup.HostConfig.deployWAR(HostConfig.java:970)
		at org.apache.catalina.startup.HostConfig.deployApps(HostConfig.java:492)
		at org.apache.catalina.startup.HostConfig.check(HostConfig.java:1634)
		at sun.reflect.NativeMethodAccessorImpl.invoke0(Native Method)
		at sun.reflect.NativeMethodAccessorImpl.invoke(NativeMethodAccessorImpl.java:62)
		at sun.reflect.DelegatingMethodAccessorImpl.invoke(DelegatingMethodAccessorImpl.java:43)
		at java.lang.reflect.Method.invoke(Method.java:498)
		at org.apache.tomcat.util.modeler.BaseModelMBean.invoke(BaseModelMBean.java:287)
		at com.sun.jmx.interceptor.DefaultMBeanServerInterceptor.invoke(DefaultMBeanServerInterceptor.java:819)
		at com.sun.jmx.mbeanserver.JmxMBeanServer.invoke(JmxMBeanServer.java:801)
		at org.apache.catalina.manager.ManagerServlet.check(ManagerServlet.java:1559)
		at org.apache.catalina.manager.ManagerServlet.deploy(ManagerServlet.java:814)
		at org.apache.catalina.manager.ManagerServlet.doPut(ManagerServlet.java:447)
		at javax.servlet.http.HttpServlet.service(HttpServlet.java:663)
		at javax.servlet.http.HttpServlet.service(HttpServlet.java:741)
		at org.apache.catalina.core.ApplicationFilterChain.internalDoFilter(ApplicationFilterChain.java:231)
		at org.apache.catalina.core.ApplicationFilterChain.doFilter(ApplicationFilterChain.java:166)
		at org.apache.tomcat.websocket.server.WsFilter.doFilter(WsFilter.java:52)
		at org.apache.catalina.core.ApplicationFilterChain.internalDoFilter(ApplicationFilterChain.java:193)
		at org.apache.catalina.core.ApplicationFilterChain.doFilter(ApplicationFilterChain.java:166)
		at org.apache.catalina.filters.SetCharacterEncodingFilter.doFilter(SetCharacterEncodingFilter.java:109)
		at org.apache.catalina.core.ApplicationFilterChain.internalDoFilter(ApplicationFilterChain.java:193)
		at org.apache.catalina.core.ApplicationFilterChain.doFilter(ApplicationFilterChain.java:166)
		at org.apache.catalina.core.StandardWrapperValve.invoke(StandardWrapperValve.java:199)
		at org.apache.catalina.core.StandardContextValve.invoke(StandardContextValve.java:96)
		at org.apache.catalina.authenticator.AuthenticatorBase.invoke(AuthenticatorBase.java:668)
		at org.apache.catalina.valves.RequestFilterValve.process(RequestFilterValve.java:348)
		at org.apache.catalina.valves.RemoteAddrValve.invoke(RemoteAddrValve.java:52)
		at org.apache.catalina.core.StandardHostValve.invoke(StandardHostValve.java:139)
		at org.apache.catalina.valves.ErrorReportValve.invoke(ErrorReportValve.java:81)
		at org.apache.catalina.valves.AbstractAccessLogValve.invoke(AbstractAccessLogValve.java:678)
		at org.apache.catalina.core.StandardEngineValve.invoke(StandardEngineValve.java:87)
		at org.apache.catalina.connector.CoyoteAdapter.service(CoyoteAdapter.java:343)
		at org.apache.coyote.http11.Http11Processor.service(Http11Processor.java:609)
		at org.apache.coyote.AbstractProcessorLight.process(AbstractProcessorLight.java:65)
		at org.apache.coyote.AbstractProtocol$ConnectionHandler.process(AbstractProtocol.java:810)
		at org.apache.tomcat.util.net.NioEndpoint$SocketProcessor.doRun(NioEndpoint.java:1623)
		at org.apache.tomcat.util.net.SocketProcessorBase.run(SocketProcessorBase.java:49)
		at java.util.concurrent.ThreadPoolExecutor.runWorker(ThreadPoolExecutor.java:1149)
		at java.util.concurrent.ThreadPoolExecutor$Worker.run(ThreadPoolExecutor.java:624)
		at org.apache.tomcat.util.threads.TaskThread$WrappingRunnable.run(TaskThread.java:61)
		at java.lang.Thread.run(Thread.java:750)
16-Jan-2023 15:15:06.742 INFORMAÇÕES [http-nio-8001-exec-24] org.apache.catalina.startup.HostConfig.deployWAR Deployment of web application archive [/home/will-feral/curso-jenkins/apache-tomcat-8.5.50/webapps/tasks-backend.war] has finished in [16,883] ms
16-Jan-2023 15:16:57.864 ADVERTÊNCIA [http-nio-8001-exec-33] org.apache.catalina.loader.WebappClassLoaderBase.clearReferencesJdbc The web application [tasks-backend] registered the JDBC driver [org.postgresql.Driver] but failed to unregister it when the web application was stopped. To prevent a memory leak, the JDBC Driver has been forcibly unregistered.
16-Jan-2023 15:16:58.415 INFORMAÇÕES [http-nio-8001-exec-33] org.apache.catalina.startup.HostConfig.undeploy Undeploying context [/tasks-backend]
16-Jan-2023 15:16:58.819 INFORMAÇÕES [http-nio-8001-exec-35] org.apache.catalina.startup.HostConfig.deployWAR Deploying web application archive [/home/will-feral/curso-jenkins/apache-tomcat-8.5.50/webapps/tasks-backend.war]
16-Jan-2023 15:17:09.657 INFORMAÇÕES [http-nio-8001-exec-35] org.apache.jasper.servlet.TldScanner.scanJars At least one JAR was scanned for TLDs yet contained no TLDs. Enable debug logging for this logger for a complete list of JARs that were scanned but no TLDs were found in them. Skipping unneeded JARs during scanning can improve startup time and JSP compilation time.
16-Jan-2023 15:17:09.675 INFORMAÇÕES [http-nio-8001-exec-35] org.apache.catalina.startup.HostConfig.deployWAR Deployment of web application archive [/home/will-feral/curso-jenkins/apache-tomcat-8.5.50/webapps/tasks-backend.war] has finished in [10,856] ms
16-Jan-2023 15:21:37.802 INFORMAÇÕES [http-nio-8001-exec-37] org.apache.catalina.startup.HostConfig.undeploy Undeploying context [/tasks]
16-Jan-2023 15:22:09.989 ADVERTÊNCIA [http-nio-8001-exec-42] org.apache.catalina.loader.WebappClassLoaderBase.clearReferencesJdbc The web application [tasks-backend] registered the JDBC driver [org.postgresql.Driver] but failed to unregister it when the web application was stopped. To prevent a memory leak, the JDBC Driver has been forcibly unregistered.
16-Jan-2023 15:22:10.540 INFORMAÇÕES [http-nio-8001-exec-42] org.apache.catalina.startup.HostConfig.undeploy Undeploying context [/tasks-backend]
16-Jan-2023 15:22:10.924 INFORMAÇÕES [http-nio-8001-exec-43] org.apache.catalina.startup.HostConfig.deployWAR Deploying web application archive [/home/will-feral/curso-jenkins/apache-tomcat-8.5.50/webapps/tasks-backend.war]
16-Jan-2023 15:22:21.414 INFORMAÇÕES [http-nio-8001-exec-43] org.apache.jasper.servlet.TldScanner.scanJars At least one JAR was scanned for TLDs yet contained no TLDs. Enable debug logging for this logger for a complete list of JARs that were scanned but no TLDs were found in them. Skipping unneeded JARs during scanning can improve startup time and JSP compilation time.
16-Jan-2023 15:22:21.422 INFORMAÇÕES [http-nio-8001-exec-43] org.apache.catalina.startup.HostConfig.deployWAR Deployment of web application archive [/home/will-feral/curso-jenkins/apache-tomcat-8.5.50/webapps/tasks-backend.war] has finished in [10,498] ms
16-Jan-2023 16:05:25.521 INFORMAÇÕES [main] org.apache.catalina.startup.VersionLoggerListener.log Server version name:   Apache Tomcat/8.5.50
16-Jan-2023 16:05:25.524 INFORMAÇÕES [main] org.apache.catalina.startup.VersionLoggerListener.log Server built:          Dec 7 2019 19:19:46 UTC
16-Jan-2023 16:05:25.524 INFORMAÇÕES [main] org.apache.catalina.startup.VersionLoggerListener.log Server version number: 8.5.50.0
16-Jan-2023 16:05:25.525 INFORMAÇÕES [main] org.apache.catalina.startup.VersionLoggerListener.log OS Name:               Linux
16-Jan-2023 16:05:25.525 INFORMAÇÕES [main] org.apache.catalina.startup.VersionLoggerListener.log OS Version:            5.15.0-58-generic
16-Jan-2023 16:05:25.525 INFORMAÇÕES [main] org.apache.catalina.startup.VersionLoggerListener.log Architecture:          amd64
16-Jan-2023 16:05:25.526 INFORMAÇÕES [main] org.apache.catalina.startup.VersionLoggerListener.log Java Home:             /usr/lib/jvm/java-8-openjdk-amd64/jre
16-Jan-2023 16:05:25.526 INFORMAÇÕES [main] org.apache.catalina.startup.VersionLoggerListener.log JVM Version:           1.8.0_352-8u352-ga-1~22.04-b08
16-Jan-2023 16:05:25.526 INFORMAÇÕES [main] org.apache.catalina.startup.VersionLoggerListener.log JVM Vendor:            Private Build
16-Jan-2023 16:05:25.526 INFORMAÇÕES [main] org.apache.catalina.startup.VersionLoggerListener.log CATALINA_BASE:         /home/will-feral/curso-jenkins/apache-tomcat-8.5.50
16-Jan-2023 16:05:25.527 INFORMAÇÕES [main] org.apache.catalina.startup.VersionLoggerListener.log CATALINA_HOME:         /home/will-feral/curso-jenkins/apache-tomcat-8.5.50
16-Jan-2023 16:05:25.527 INFORMAÇÕES [main] org.apache.catalina.startup.VersionLoggerListener.log Command line argument: -Djava.util.logging.config.file=/home/will-feral/curso-jenkins/apache-tomcat-8.5.50/conf/logging.properties
16-Jan-2023 16:05:25.527 INFORMAÇÕES [main] org.apache.catalina.startup.VersionLoggerListener.log Command line argument: -Djava.util.logging.manager=org.apache.juli.ClassLoaderLogManager
16-Jan-2023 16:05:25.528 INFORMAÇÕES [main] org.apache.catalina.startup.VersionLoggerListener.log Command line argument: -Djdk.tls.ephemeralDHKeySize=2048
16-Jan-2023 16:05:25.528 INFORMAÇÕES [main] org.apache.catalina.startup.VersionLoggerListener.log Command line argument: -Djava.protocol.handler.pkgs=org.apache.catalina.webresources
16-Jan-2023 16:05:25.528 INFORMAÇÕES [main] org.apache.catalina.startup.VersionLoggerListener.log Command line argument: -Dorg.apache.catalina.security.SecurityListener.UMASK=0027
16-Jan-2023 16:05:25.529 INFORMAÇÕES [main] org.apache.catalina.startup.VersionLoggerListener.log Command line argument: -Dignore.endorsed.dirs=
16-Jan-2023 16:05:25.529 INFORMAÇÕES [main] org.apache.catalina.startup.VersionLoggerListener.log Command line argument: -Dcatalina.base=/home/will-feral/curso-jenkins/apache-tomcat-8.5.50
16-Jan-2023 16:05:25.529 INFORMAÇÕES [main] org.apache.catalina.startup.VersionLoggerListener.log Command line argument: -Dcatalina.home=/home/will-feral/curso-jenkins/apache-tomcat-8.5.50
16-Jan-2023 16:05:25.529 INFORMAÇÕES [main] org.apache.catalina.startup.VersionLoggerListener.log Command line argument: -Djava.io.tmpdir=/home/will-feral/curso-jenkins/apache-tomcat-8.5.50/temp
16-Jan-2023 16:05:25.530 INFORMAÇÕES [main] org.apache.catalina.core.AprLifecycleListener.lifecycleEvent The APR based Apache Tomcat Native library which allows optimal performance in production environments was not found on the java.library.path: [/usr/java/packages/lib/amd64:/usr/lib/x86_64-linux-gnu/jni:/lib/x86_64-linux-gnu:/usr/lib/x86_64-linux-gnu:/usr/lib/jni:/lib:/usr/lib]
16-Jan-2023 16:05:25.653 INFORMAÇÕES [main] org.apache.coyote.AbstractProtocol.init Initializing ProtocolHandler ["http-nio-8001"]
16-Jan-2023 16:05:25.668 GRAVE [main] org.apache.catalina.core.StandardService.initInternal Failed to initialize connector [Connector[HTTP/1.1-8001]]
	org.apache.catalina.LifecycleException: Protocol handler initialization failed
		at org.apache.catalina.connector.Connector.initInternal(Connector.java:995)
		at org.apache.catalina.util.LifecycleBase.init(LifecycleBase.java:136)
		at org.apache.catalina.core.StandardService.initInternal(StandardService.java:552)
		at org.apache.catalina.util.LifecycleBase.init(LifecycleBase.java:136)
		at org.apache.catalina.core.StandardServer.initInternal(StandardServer.java:848)
		at org.apache.catalina.util.LifecycleBase.init(LifecycleBase.java:136)
		at org.apache.catalina.startup.Catalina.load(Catalina.java:639)
		at org.apache.catalina.startup.Catalina.load(Catalina.java:662)
		at sun.reflect.NativeMethodAccessorImpl.invoke0(Native Method)
		at sun.reflect.NativeMethodAccessorImpl.invoke(NativeMethodAccessorImpl.java:62)
		at sun.reflect.DelegatingMethodAccessorImpl.invoke(DelegatingMethodAccessorImpl.java:43)
		at java.lang.reflect.Method.invoke(Method.java:498)
		at org.apache.catalina.startup.Bootstrap.load(Bootstrap.java:303)
		at org.apache.catalina.startup.Bootstrap.main(Bootstrap.java:473)
	Caused by: java.net.BindException: Endereço já em uso
		at sun.nio.ch.Net.bind0(Native Method)
		at sun.nio.ch.Net.bind(Net.java:461)
		at sun.nio.ch.Net.bind(Net.java:453)
		at sun.nio.ch.ServerSocketChannelImpl.bind(ServerSocketChannelImpl.java:222)
		at sun.nio.ch.ServerSocketAdaptor.bind(ServerSocketAdaptor.java:85)
		at org.apache.tomcat.util.net.NioEndpoint.bind(NioEndpoint.java:221)
		at org.apache.tomcat.util.net.AbstractEndpoint.init(AbstractEndpoint.java:1118)
		at org.apache.tomcat.util.net.AbstractJsseEndpoint.init(AbstractJsseEndpoint.java:223)
		at org.apache.coyote.AbstractProtocol.init(AbstractProtocol.java:581)
		at org.apache.coyote.http11.AbstractHttp11Protocol.init(AbstractHttp11Protocol.java:70)
		at org.apache.catalina.connector.Connector.initInternal(Connector.java:993)
		... 13 more
16-Jan-2023 16:05:25.671 INFORMAÇÕES [main] org.apache.coyote.AbstractProtocol.init Initializing ProtocolHandler ["ajp-nio-8009"]
16-Jan-2023 16:05:25.678 GRAVE [main] org.apache.catalina.core.StandardService.initInternal Failed to initialize connector [Connector[AJP/1.3-8009]]
	org.apache.catalina.LifecycleException: Protocol handler initialization failed
		at org.apache.catalina.connector.Connector.initInternal(Connector.java:995)
		at org.apache.catalina.util.LifecycleBase.init(LifecycleBase.java:136)
		at org.apache.catalina.core.StandardService.initInternal(StandardService.java:552)
		at org.apache.catalina.util.LifecycleBase.init(LifecycleBase.java:136)
		at org.apache.catalina.core.StandardServer.initInternal(StandardServer.java:848)
		at org.apache.catalina.util.LifecycleBase.init(LifecycleBase.java:136)
		at org.apache.catalina.startup.Catalina.load(Catalina.java:639)
		at org.apache.catalina.startup.Catalina.load(Catalina.java:662)
		at sun.reflect.NativeMethodAccessorImpl.invoke0(Native Method)
		at sun.reflect.NativeMethodAccessorImpl.invoke(NativeMethodAccessorImpl.java:62)
		at sun.reflect.DelegatingMethodAccessorImpl.invoke(DelegatingMethodAccessorImpl.java:43)
		at java.lang.reflect.Method.invoke(Method.java:498)
		at org.apache.catalina.startup.Bootstrap.load(Bootstrap.java:303)
		at org.apache.catalina.startup.Bootstrap.main(Bootstrap.java:473)
	Caused by: java.net.BindException: Endereço já em uso
		at sun.nio.ch.Net.bind0(Native Method)
		at sun.nio.ch.Net.bind(Net.java:461)
		at sun.nio.ch.Net.bind(Net.java:453)
		at sun.nio.ch.ServerSocketChannelImpl.bind(ServerSocketChannelImpl.java:222)
		at sun.nio.ch.ServerSocketAdaptor.bind(ServerSocketAdaptor.java:85)
		at org.apache.tomcat.util.net.NioEndpoint.bind(NioEndpoint.java:221)
		at org.apache.tomcat.util.net.AbstractEndpoint.init(AbstractEndpoint.java:1118)
		at org.apache.tomcat.util.net.AbstractJsseEndpoint.init(AbstractJsseEndpoint.java:223)
		at org.apache.coyote.AbstractProtocol.init(AbstractProtocol.java:581)
		at org.apache.catalina.connector.Connector.initInternal(Connector.java:993)
		... 13 more
16-Jan-2023 16:05:25.679 INFORMAÇÕES [main] org.apache.catalina.startup.Catalina.load Initialization processed in 770 ms
16-Jan-2023 16:05:25.757 INFORMAÇÕES [main] org.apache.catalina.core.StandardService.startInternal Starting service [Catalina]
16-Jan-2023 16:05:25.758 INFORMAÇÕES [main] org.apache.catalina.core.StandardEngine.startInternal Starting Servlet Engine: Apache Tomcat/8.5.50
16-Jan-2023 16:05:25.784 INFORMAÇÕES [localhost-startStop-1] org.apache.catalina.startup.HostConfig.deployWAR Deploying web application archive [/home/will-feral/curso-jenkins/apache-tomcat-8.5.50/webapps/tasks-backend.war]
16-Jan-2023 16:05:37.871 INFORMAÇÕES [localhost-startStop-1] org.apache.jasper.servlet.TldScanner.scanJars At least one JAR was scanned for TLDs yet contained no TLDs. Enable debug logging for this logger for a complete list of JARs that were scanned but no TLDs were found in them. Skipping unneeded JARs during scanning can improve startup time and JSP compilation time.
16-Jan-2023 16:05:37.944 INFORMAÇÕES [localhost-startStop-1] org.apache.catalina.startup.HostConfig.deployWAR Deployment of web application archive [/home/will-feral/curso-jenkins/apache-tomcat-8.5.50/webapps/tasks-backend.war] has finished in [12,159] ms
16-Jan-2023 16:05:37.945 INFORMAÇÕES [localhost-startStop-1] org.apache.catalina.startup.HostConfig.deployDirectory Deploying web application directory [/home/will-feral/curso-jenkins/apache-tomcat-8.5.50/webapps/manager]
16-Jan-2023 16:05:37.982 INFORMAÇÕES [localhost-startStop-1] org.apache.catalina.startup.HostConfig.deployDirectory Deployment of web application directory [/home/will-feral/curso-jenkins/apache-tomcat-8.5.50/webapps/manager] has finished in [38] ms
16-Jan-2023 16:05:37.983 INFORMAÇÕES [localhost-startStop-1] org.apache.catalina.startup.HostConfig.deployDirectory Deploying web application directory [/home/will-feral/curso-jenkins/apache-tomcat-8.5.50/webapps/docs]
16-Jan-2023 16:05:37.998 INFORMAÇÕES [localhost-startStop-1] org.apache.catalina.startup.HostConfig.deployDirectory Deployment of web application directory [/home/will-feral/curso-jenkins/apache-tomcat-8.5.50/webapps/docs] has finished in [15] ms
16-Jan-2023 16:05:37.999 INFORMAÇÕES [localhost-startStop-1] org.apache.catalina.startup.HostConfig.deployDirectory Deploying web application directory [/home/will-feral/curso-jenkins/apache-tomcat-8.5.50/webapps/ROOT]
16-Jan-2023 16:05:38.017 INFORMAÇÕES [localhost-startStop-1] org.apache.catalina.startup.HostConfig.deployDirectory Deployment of web application directory [/home/will-feral/curso-jenkins/apache-tomcat-8.5.50/webapps/ROOT] has finished in [18] ms
16-Jan-2023 16:05:38.018 INFORMAÇÕES [localhost-startStop-1] org.apache.catalina.startup.HostConfig.deployDirectory Deploying web application directory [/home/will-feral/curso-jenkins/apache-tomcat-8.5.50/webapps/examples]
16-Jan-2023 16:05:38.270 INFORMAÇÕES [localhost-startStop-1] org.apache.catalina.startup.HostConfig.deployDirectory Deployment of web application directory [/home/will-feral/curso-jenkins/apache-tomcat-8.5.50/webapps/examples] has finished in [252] ms
16-Jan-2023 16:05:38.278 INFORMAÇÕES [localhost-startStop-1] org.apache.catalina.startup.HostConfig.deployDirectory Deploying web application directory [/home/will-feral/curso-jenkins/apache-tomcat-8.5.50/webapps/host-manager]
16-Jan-2023 16:05:38.309 INFORMAÇÕES [localhost-startStop-1] org.apache.catalina.startup.HostConfig.deployDirectory Deployment of web application directory [/home/will-feral/curso-jenkins/apache-tomcat-8.5.50/webapps/host-manager] has finished in [30] ms
16-Jan-2023 16:05:38.320 INFORMAÇÕES [main] org.apache.catalina.startup.Catalina.start Server startup in 12640 ms
16-Jan-2023 16:05:38.321 GRAVE [main] org.apache.catalina.core.StandardServer.await StandardServer.await: create[localhost:8005]: 
	java.net.BindException: Endereço já em uso (Bind failed)
		at java.net.PlainSocketImpl.socketBind(Native Method)
		at java.net.AbstractPlainSocketImpl.bind(AbstractPlainSocketImpl.java:387)
		at java.net.ServerSocket.bind(ServerSocket.java:390)
		at java.net.ServerSocket.<init>(ServerSocket.java:252)
		at org.apache.catalina.core.StandardServer.await(StandardServer.java:421)
		at org.apache.catalina.startup.Catalina.await(Catalina.java:776)
		at org.apache.catalina.startup.Catalina.start(Catalina.java:722)
		at sun.reflect.NativeMethodAccessorImpl.invoke0(Native Method)
		at sun.reflect.NativeMethodAccessorImpl.invoke(NativeMethodAccessorImpl.java:62)
		at sun.reflect.DelegatingMethodAccessorImpl.invoke(DelegatingMethodAccessorImpl.java:43)
		at java.lang.reflect.Method.invoke(Method.java:498)
		at org.apache.catalina.startup.Bootstrap.start(Bootstrap.java:343)
		at org.apache.catalina.startup.Bootstrap.main(Bootstrap.java:474)
16-Jan-2023 16:05:38.328 INFORMAÇÕES [main] org.apache.coyote.AbstractProtocol.pause Pausing ProtocolHandler ["http-nio-8001"]
16-Jan-2023 16:05:38.329 INFORMAÇÕES [main] org.apache.coyote.AbstractProtocol.pause Pausing ProtocolHandler ["ajp-nio-8009"]
16-Jan-2023 16:05:38.329 INFORMAÇÕES [main] org.apache.catalina.core.StandardService.stopInternal Stopping service [Catalina]
16-Jan-2023 16:05:38.413 ADVERTÊNCIA [localhost-startStop-1] org.apache.catalina.loader.WebappClassLoaderBase.clearReferencesJdbc The web application [tasks-backend] registered the JDBC driver [org.postgresql.Driver] but failed to unregister it when the web application was stopped. To prevent a memory leak, the JDBC Driver has been forcibly unregistered.
16-Jan-2023 16:05:38.453 INFORMAÇÕES [main] org.apache.coyote.AbstractProtocol.stop Stopping ProtocolHandler ["http-nio-8001"]
16-Jan-2023 16:05:38.453 INFORMAÇÕES [main] org.apache.coyote.AbstractProtocol.destroy Destroying ProtocolHandler ["http-nio-8001"]
16-Jan-2023 16:05:38.454 INFORMAÇÕES [main] org.apache.coyote.AbstractProtocol.stop Stopping ProtocolHandler ["ajp-nio-8009"]
16-Jan-2023 16:05:38.454 INFORMAÇÕES [main] org.apache.coyote.AbstractProtocol.destroy Destroying ProtocolHandler ["ajp-nio-8009"]
16-Jan-2023 16:12:27.130 ADVERTÊNCIA [http-nio-8001-exec-54] org.apache.catalina.loader.WebappClassLoaderBase.clearReferencesJdbc The web application [tasks-backend] registered the JDBC driver [org.postgresql.Driver] but failed to unregister it when the web application was stopped. To prevent a memory leak, the JDBC Driver has been forcibly unregistered.
16-Jan-2023 16:12:28.099 INFORMAÇÕES [http-nio-8001-exec-54] org.apache.catalina.startup.HostConfig.undeploy Undeploying context [/tasks-backend]
16-Jan-2023 16:12:28.960 INFORMAÇÕES [http-nio-8001-exec-54] org.apache.catalina.startup.HostConfig.deployWAR Deploying web application archive [/home/will-feral/curso-jenkins/apache-tomcat-8.5.50/webapps/tasks-backend.war]
16-Jan-2023 16:13:04.975 INFORMAÇÕES [http-nio-8001-exec-54] org.apache.jasper.servlet.TldScanner.scanJars At least one JAR was scanned for TLDs yet contained no TLDs. Enable debug logging for this logger for a complete list of JARs that were scanned but no TLDs were found in them. Skipping unneeded JARs during scanning can improve startup time and JSP compilation time.
16-Jan-2023 16:13:05.012 INFORMAÇÕES [http-nio-8001-exec-54] org.apache.catalina.startup.HostConfig.deployWAR Deployment of web application archive [/home/will-feral/curso-jenkins/apache-tomcat-8.5.50/webapps/tasks-backend.war] has finished in [36,053] ms
16-Jan-2023 16:25:26.917 ADVERTÊNCIA [http-nio-8001-exec-61] org.apache.catalina.loader.WebappClassLoaderBase.clearReferencesJdbc The web application [tasks-backend] registered the JDBC driver [org.postgresql.Driver] but failed to unregister it when the web application was stopped. To prevent a memory leak, the JDBC Driver has been forcibly unregistered.
16-Jan-2023 16:25:27.599 INFORMAÇÕES [http-nio-8001-exec-61] org.apache.catalina.startup.HostConfig.undeploy Undeploying context [/tasks-backend]
16-Jan-2023 16:25:28.048 INFORMAÇÕES [http-nio-8001-exec-61] org.apache.catalina.startup.HostConfig.deployWAR Deploying web application archive [/home/will-feral/curso-jenkins/apache-tomcat-8.5.50/webapps/tasks-backend.war]
16-Jan-2023 16:25:47.038 INFORMAÇÕES [http-nio-8001-exec-61] org.apache.jasper.servlet.TldScanner.scanJars At least one JAR was scanned for TLDs yet contained no TLDs. Enable debug logging for this logger for a complete list of JARs that were scanned but no TLDs were found in them. Skipping unneeded JARs during scanning can improve startup time and JSP compilation time.
16-Jan-2023 16:25:47.047 INFORMAÇÕES [http-nio-8001-exec-61] org.apache.catalina.startup.HostConfig.deployWAR Deployment of web application archive [/home/will-feral/curso-jenkins/apache-tomcat-8.5.50/webapps/tasks-backend.war] has finished in [19,000] ms
16-Jan-2023 16:28:23.540 ADVERTÊNCIA [http-nio-8001-exec-65] org.apache.catalina.loader.WebappClassLoaderBase.clearReferencesJdbc The web application [tasks-backend] registered the JDBC driver [org.postgresql.Driver] but failed to unregister it when the web application was stopped. To prevent a memory leak, the JDBC Driver has been forcibly unregistered.
16-Jan-2023 16:28:24.199 INFORMAÇÕES [http-nio-8001-exec-65] org.apache.catalina.startup.HostConfig.undeploy Undeploying context [/tasks-backend]
16-Jan-2023 16:28:24.796 INFORMAÇÕES [http-nio-8001-exec-62] org.apache.catalina.startup.HostConfig.deployWAR Deploying web application archive [/home/will-feral/curso-jenkins/apache-tomcat-8.5.50/webapps/tasks-backend.war]
16-Jan-2023 16:28:39.738 INFORMAÇÕES [http-nio-8001-exec-62] org.apache.jasper.servlet.TldScanner.scanJars At least one JAR was scanned for TLDs yet contained no TLDs. Enable debug logging for this logger for a complete list of JARs that were scanned but no TLDs were found in them. Skipping unneeded JARs during scanning can improve startup time and JSP compilation time.
16-Jan-2023 16:28:39.749 INFORMAÇÕES [http-nio-8001-exec-62] org.apache.catalina.startup.HostConfig.deployWAR Deployment of web application archive [/home/will-feral/curso-jenkins/apache-tomcat-8.5.50/webapps/tasks-backend.war] has finished in [14,954] ms
16-Jan-2023 16:42:31.189 ADVERTÊNCIA [http-nio-8001-exec-76] org.apache.catalina.loader.WebappClassLoaderBase.clearReferencesJdbc The web application [tasks-backend] registered the JDBC driver [org.postgresql.Driver] but failed to unregister it when the web application was stopped. To prevent a memory leak, the JDBC Driver has been forcibly unregistered.
16-Jan-2023 16:42:31.869 INFORMAÇÕES [http-nio-8001-exec-76] org.apache.catalina.startup.HostConfig.undeploy Undeploying context [/tasks-backend]
16-Jan-2023 16:42:32.916 INFORMAÇÕES [http-nio-8001-exec-80] org.apache.catalina.startup.HostConfig.deployWAR Deploying web application archive [/home/will-feral/curso-jenkins/apache-tomcat-8.5.50/webapps/tasks-backend.war]
16-Jan-2023 16:42:58.985 INFORMAÇÕES [http-nio-8001-exec-80] org.apache.jasper.servlet.TldScanner.scanJars At least one JAR was scanned for TLDs yet contained no TLDs. Enable debug logging for this logger for a complete list of JARs that were scanned but no TLDs were found in them. Skipping unneeded JARs during scanning can improve startup time and JSP compilation time.
16-Jan-2023 16:42:58.994 INFORMAÇÕES [http-nio-8001-exec-80] org.apache.catalina.startup.HostConfig.deployWAR Deployment of web application archive [/home/will-feral/curso-jenkins/apache-tomcat-8.5.50/webapps/tasks-backend.war] has finished in [26,078] ms
16-Jan-2023 16:47:32.904 ADVERTÊNCIA [http-nio-8001-exec-83] org.apache.catalina.loader.WebappClassLoaderBase.clearReferencesJdbc The web application [tasks-backend] registered the JDBC driver [org.postgresql.Driver] but failed to unregister it when the web application was stopped. To prevent a memory leak, the JDBC Driver has been forcibly unregistered.
16-Jan-2023 16:47:33.529 INFORMAÇÕES [http-nio-8001-exec-83] org.apache.catalina.startup.HostConfig.undeploy Undeploying context [/tasks-backend]
16-Jan-2023 16:47:34.235 INFORMAÇÕES [http-nio-8001-exec-89] org.apache.catalina.startup.HostConfig.deployWAR Deploying web application archive [/home/will-feral/curso-jenkins/apache-tomcat-8.5.50/webapps/tasks-backend.war]
16-Jan-2023 16:47:49.551 INFORMAÇÕES [http-nio-8001-exec-89] org.apache.jasper.servlet.TldScanner.scanJars At least one JAR was scanned for TLDs yet contained no TLDs. Enable debug logging for this logger for a complete list of JARs that were scanned but no TLDs were found in them. Skipping unneeded JARs during scanning can improve startup time and JSP compilation time.
16-Jan-2023 16:47:49.560 INFORMAÇÕES [http-nio-8001-exec-89] org.apache.catalina.startup.HostConfig.deployWAR Deployment of web application archive [/home/will-feral/curso-jenkins/apache-tomcat-8.5.50/webapps/tasks-backend.war] has finished in [15,326] ms
16-Jan-2023 16:52:22.362 ADVERTÊNCIA [http-nio-8001-exec-92] org.apache.catalina.loader.WebappClassLoaderBase.clearReferencesJdbc The web application [tasks-backend] registered the JDBC driver [org.postgresql.Driver] but failed to unregister it when the web application was stopped. To prevent a memory leak, the JDBC Driver has been forcibly unregistered.
16-Jan-2023 16:52:22.964 INFORMAÇÕES [http-nio-8001-exec-92] org.apache.catalina.startup.HostConfig.undeploy Undeploying context [/tasks-backend]
16-Jan-2023 16:52:23.414 INFORMAÇÕES [http-nio-8001-exec-91] org.apache.catalina.startup.HostConfig.deployWAR Deploying web application archive [/home/will-feral/curso-jenkins/apache-tomcat-8.5.50/webapps/tasks-backend.war]
16-Jan-2023 16:52:38.242 INFORMAÇÕES [http-nio-8001-exec-91] org.apache.jasper.servlet.TldScanner.scanJars At least one JAR was scanned for TLDs yet contained no TLDs. Enable debug logging for this logger for a complete list of JARs that were scanned but no TLDs were found in them. Skipping unneeded JARs during scanning can improve startup time and JSP compilation time.
16-Jan-2023 16:52:38.271 INFORMAÇÕES [http-nio-8001-exec-91] org.apache.catalina.startup.HostConfig.deployWAR Deployment of web application archive [/home/will-feral/curso-jenkins/apache-tomcat-8.5.50/webapps/tasks-backend.war] has finished in [14,851] ms
16-Jan-2023 17:07:54.688 ADVERTÊNCIA [http-nio-8001-exec-98] org.apache.catalina.loader.WebappClassLoaderBase.clearReferencesJdbc The web application [tasks-backend] registered the JDBC driver [org.postgresql.Driver] but failed to unregister it when the web application was stopped. To prevent a memory leak, the JDBC Driver has been forcibly unregistered.
16-Jan-2023 17:07:55.277 INFORMAÇÕES [http-nio-8001-exec-98] org.apache.catalina.startup.HostConfig.undeploy Undeploying context [/tasks-backend]
16-Jan-2023 17:07:55.740 INFORMAÇÕES [http-nio-8001-exec-103] org.apache.catalina.startup.HostConfig.deployWAR Deploying web application archive [/home/will-feral/curso-jenkins/apache-tomcat-8.5.50/webapps/tasks-backend.war]
16-Jan-2023 17:08:15.570 INFORMAÇÕES [http-nio-8001-exec-103] org.apache.jasper.servlet.TldScanner.scanJars At least one JAR was scanned for TLDs yet contained no TLDs. Enable debug logging for this logger for a complete list of JARs that were scanned but no TLDs were found in them. Skipping unneeded JARs during scanning can improve startup time and JSP compilation time.
16-Jan-2023 17:08:15.580 INFORMAÇÕES [http-nio-8001-exec-103] org.apache.catalina.startup.HostConfig.deployWAR Deployment of web application archive [/home/will-feral/curso-jenkins/apache-tomcat-8.5.50/webapps/tasks-backend.war] has finished in [19,840] ms
16-Jan-2023 17:09:44.815 ADVERTÊNCIA [http-nio-8001-exec-108] org.apache.catalina.loader.WebappClassLoaderBase.clearReferencesJdbc The web application [tasks-backend] registered the JDBC driver [org.postgresql.Driver] but failed to unregister it when the web application was stopped. To prevent a memory leak, the JDBC Driver has been forcibly unregistered.
16-Jan-2023 17:09:45.383 INFORMAÇÕES [http-nio-8001-exec-108] org.apache.catalina.startup.HostConfig.undeploy Undeploying context [/tasks-backend]
16-Jan-2023 17:09:45.840 INFORMAÇÕES [http-nio-8001-exec-105] org.apache.catalina.startup.HostConfig.deployWAR Deploying web application archive [/home/will-feral/curso-jenkins/apache-tomcat-8.5.50/webapps/tasks-backend.war]
16-Jan-2023 17:09:57.573 INFORMAÇÕES [http-nio-8001-exec-105] org.apache.jasper.servlet.TldScanner.scanJars At least one JAR was scanned for TLDs yet contained no TLDs. Enable debug logging for this logger for a complete list of JARs that were scanned but no TLDs were found in them. Skipping unneeded JARs during scanning can improve startup time and JSP compilation time.
16-Jan-2023 17:09:57.582 INFORMAÇÕES [http-nio-8001-exec-105] org.apache.catalina.startup.HostConfig.deployWAR Deployment of web application archive [/home/will-feral/curso-jenkins/apache-tomcat-8.5.50/webapps/tasks-backend.war] has finished in [11,741] ms
16-Jan-2023 17:14:59.655 ADVERTÊNCIA [http-nio-8001-exec-113] org.apache.catalina.loader.WebappClassLoaderBase.clearReferencesJdbc The web application [tasks-backend] registered the JDBC driver [org.postgresql.Driver] but failed to unregister it when the web application was stopped. To prevent a memory leak, the JDBC Driver has been forcibly unregistered.
16-Jan-2023 17:15:00.237 INFORMAÇÕES [http-nio-8001-exec-113] org.apache.catalina.startup.HostConfig.undeploy Undeploying context [/tasks-backend]
16-Jan-2023 17:15:01.637 INFORMAÇÕES [http-nio-8001-exec-118] org.apache.catalina.startup.HostConfig.deployWAR Deploying web application archive [/home/will-feral/curso-jenkins/apache-tomcat-8.5.50/webapps/tasks-backend.war]
16-Jan-2023 17:15:18.297 INFORMAÇÕES [http-nio-8001-exec-118] org.apache.jasper.servlet.TldScanner.scanJars At least one JAR was scanned for TLDs yet contained no TLDs. Enable debug logging for this logger for a complete list of JARs that were scanned but no TLDs were found in them. Skipping unneeded JARs during scanning can improve startup time and JSP compilation time.
16-Jan-2023 17:15:18.312 INFORMAÇÕES [http-nio-8001-exec-118] org.apache.catalina.startup.HostConfig.deployWAR Deployment of web application archive [/home/will-feral/curso-jenkins/apache-tomcat-8.5.50/webapps/tasks-backend.war] has finished in [16,676] ms
16-Jan-2023 17:17:24.293 ADVERTÊNCIA [http-nio-8001-exec-121] org.apache.catalina.loader.WebappClassLoaderBase.clearReferencesJdbc The web application [tasks-backend] registered the JDBC driver [org.postgresql.Driver] but failed to unregister it when the web application was stopped. To prevent a memory leak, the JDBC Driver has been forcibly unregistered.
16-Jan-2023 17:17:24.876 INFORMAÇÕES [http-nio-8001-exec-121] org.apache.catalina.startup.HostConfig.undeploy Undeploying context [/tasks-backend]
16-Jan-2023 17:17:25.430 INFORMAÇÕES [http-nio-8001-exec-111] org.apache.catalina.startup.HostConfig.deployWAR Deploying web application archive [/home/will-feral/curso-jenkins/apache-tomcat-8.5.50/webapps/tasks-backend.war]
16-Jan-2023 17:17:44.016 INFORMAÇÕES [http-nio-8001-exec-111] org.apache.jasper.servlet.TldScanner.scanJars At least one JAR was scanned for TLDs yet contained no TLDs. Enable debug logging for this logger for a complete list of JARs that were scanned but no TLDs were found in them. Skipping unneeded JARs during scanning can improve startup time and JSP compilation time.
16-Jan-2023 17:17:44.058 INFORMAÇÕES [http-nio-8001-exec-111] org.apache.catalina.startup.HostConfig.deployWAR Deployment of web application archive [/home/will-feral/curso-jenkins/apache-tomcat-8.5.50/webapps/tasks-backend.war] has finished in [18,629] ms
16-Jan-2023 17:18:18.271 ADVERTÊNCIA [http-nio-8001-exec-110] org.apache.catalina.loader.WebappClassLoaderBase.clearReferencesJdbc The web application [tasks-backend] registered the JDBC driver [org.postgresql.Driver] but failed to unregister it when the web application was stopped. To prevent a memory leak, the JDBC Driver has been forcibly unregistered.
16-Jan-2023 17:18:18.615 INFORMAÇÕES [http-nio-8001-exec-127] org.apache.catalina.startup.HostConfig.deployWAR Deploying web application archive [/home/will-feral/curso-jenkins/apache-tomcat-8.5.50/webapps/tasks.war]
16-Jan-2023 17:18:18.861 INFORMAÇÕES [http-nio-8001-exec-110] org.apache.catalina.startup.HostConfig.undeploy Undeploying context [/tasks-backend]
16-Jan-2023 17:18:29.125 INFORMAÇÕES [http-nio-8001-exec-127] org.apache.jasper.servlet.TldScanner.scanJars At least one JAR was scanned for TLDs yet contained no TLDs. Enable debug logging for this logger for a complete list of JARs that were scanned but no TLDs were found in them. Skipping unneeded JARs during scanning can improve startup time and JSP compilation time.
16-Jan-2023 17:18:29.136 INFORMAÇÕES [http-nio-8001-exec-127] org.apache.catalina.startup.HostConfig.deployWAR Deployment of web application archive [/home/will-feral/curso-jenkins/apache-tomcat-8.5.50/webapps/tasks.war] has finished in [10,521] ms
16-Jan-2023 17:18:29.662 INFORMAÇÕES [http-nio-8001-exec-126] org.apache.catalina.startup.HostConfig.deployWAR Deploying web application archive [/home/will-feral/curso-jenkins/apache-tomcat-8.5.50/webapps/tasks-backend.war]
16-Jan-2023 17:18:45.046 INFORMAÇÕES [http-nio-8001-exec-126] org.apache.jasper.servlet.TldScanner.scanJars At least one JAR was scanned for TLDs yet contained no TLDs. Enable debug logging for this logger for a complete list of JARs that were scanned but no TLDs were found in them. Skipping unneeded JARs during scanning can improve startup time and JSP compilation time.
16-Jan-2023 17:18:45.056 INFORMAÇÕES [http-nio-8001-exec-126] org.apache.catalina.startup.HostConfig.deployWAR Deployment of web application archive [/home/will-feral/curso-jenkins/apache-tomcat-8.5.50/webapps/tasks-backend.war] has finished in [15,394] ms
16-Jan-2023 17:21:04.061 ADVERTÊNCIA [http-nio-8001-exec-130] org.apache.catalina.loader.WebappClassLoaderBase.clearReferencesJdbc The web application [tasks-backend] registered the JDBC driver [org.postgresql.Driver] but failed to unregister it when the web application was stopped. To prevent a memory leak, the JDBC Driver has been forcibly unregistered.
16-Jan-2023 17:21:04.646 INFORMAÇÕES [http-nio-8001-exec-130] org.apache.catalina.startup.HostConfig.undeploy Undeploying context [/tasks-backend]
16-Jan-2023 17:21:05.588 INFORMAÇÕES [http-nio-8001-exec-128] org.apache.catalina.startup.HostConfig.deployWAR Deploying web application archive [/home/will-feral/curso-jenkins/apache-tomcat-8.5.50/webapps/tasks-backend.war]
16-Jan-2023 17:21:16.135 INFORMAÇÕES [http-nio-8001-exec-128] org.apache.jasper.servlet.TldScanner.scanJars At least one JAR was scanned for TLDs yet contained no TLDs. Enable debug logging for this logger for a complete list of JARs that were scanned but no TLDs were found in them. Skipping unneeded JARs during scanning can improve startup time and JSP compilation time.
16-Jan-2023 17:21:16.142 INFORMAÇÕES [http-nio-8001-exec-128] org.apache.catalina.startup.HostConfig.deployWAR Deployment of web application archive [/home/will-feral/curso-jenkins/apache-tomcat-8.5.50/webapps/tasks-backend.war] has finished in [10,554] ms
16-Jan-2023 17:21:31.810 INFORMAÇÕES [http-nio-8001-exec-129] org.apache.catalina.startup.HostConfig.undeploy Undeploying context [/tasks]
16-Jan-2023 17:21:32.035 INFORMAÇÕES [http-nio-8001-exec-133] org.apache.catalina.startup.HostConfig.deployWAR Deploying web application archive [/home/will-feral/curso-jenkins/apache-tomcat-8.5.50/webapps/tasks.war]
16-Jan-2023 17:21:43.091 INFORMAÇÕES [http-nio-8001-exec-133] org.apache.jasper.servlet.TldScanner.scanJars At least one JAR was scanned for TLDs yet contained no TLDs. Enable debug logging for this logger for a complete list of JARs that were scanned but no TLDs were found in them. Skipping unneeded JARs during scanning can improve startup time and JSP compilation time.
16-Jan-2023 17:21:43.097 INFORMAÇÕES [http-nio-8001-exec-133] org.apache.catalina.startup.HostConfig.deployWAR Deployment of web application archive [/home/will-feral/curso-jenkins/apache-tomcat-8.5.50/webapps/tasks.war] has finished in [11,062] ms
