17-Jan-2023 15:00:00.776 INFORMAÇÕES [main] org.apache.catalina.startup.VersionLoggerListener.log Server version name:   Apache Tomcat/8.5.50
17-Jan-2023 15:00:00.778 INFORMAÇÕES [main] org.apache.catalina.startup.VersionLoggerListener.log Server built:          Dec 7 2019 19:19:46 UTC
17-Jan-2023 15:00:00.778 INFORMAÇÕES [main] org.apache.catalina.startup.VersionLoggerListener.log Server version number: 8.5.50.0
17-Jan-2023 15:00:00.779 INFORMAÇÕES [main] org.apache.catalina.startup.VersionLoggerListener.log OS Name:               Linux
17-Jan-2023 15:00:00.779 INFORMAÇÕES [main] org.apache.catalina.startup.VersionLoggerListener.log OS Version:            5.15.0-58-generic
17-Jan-2023 15:00:00.779 INFORMAÇÕES [main] org.apache.catalina.startup.VersionLoggerListener.log Architecture:          amd64
17-Jan-2023 15:00:00.779 INFORMAÇÕES [main] org.apache.catalina.startup.VersionLoggerListener.log Java Home:             /usr/lib/jvm/java-8-openjdk-amd64/jre
17-Jan-2023 15:00:00.779 INFORMAÇÕES [main] org.apache.catalina.startup.VersionLoggerListener.log JVM Version:           1.8.0_352-8u352-ga-1~22.04-b08
17-Jan-2023 15:00:00.779 INFORMAÇÕES [main] org.apache.catalina.startup.VersionLoggerListener.log JVM Vendor:            Private Build
17-Jan-2023 15:00:00.779 INFORMAÇÕES [main] org.apache.catalina.startup.VersionLoggerListener.log CATALINA_BASE:         /home/will-feral/curso-jenkins/apache-tomcat-8.5.50
17-Jan-2023 15:00:00.780 INFORMAÇÕES [main] org.apache.catalina.startup.VersionLoggerListener.log CATALINA_HOME:         /home/will-feral/curso-jenkins/apache-tomcat-8.5.50
17-Jan-2023 15:00:00.780 INFORMAÇÕES [main] org.apache.catalina.startup.VersionLoggerListener.log Command line argument: -Djava.util.logging.config.file=/home/will-feral/curso-jenkins/apache-tomcat-8.5.50/conf/logging.properties
17-Jan-2023 15:00:00.780 INFORMAÇÕES [main] org.apache.catalina.startup.VersionLoggerListener.log Command line argument: -Djava.util.logging.manager=org.apache.juli.ClassLoaderLogManager
17-Jan-2023 15:00:00.780 INFORMAÇÕES [main] org.apache.catalina.startup.VersionLoggerListener.log Command line argument: -Djdk.tls.ephemeralDHKeySize=2048
17-Jan-2023 15:00:00.780 INFORMAÇÕES [main] org.apache.catalina.startup.VersionLoggerListener.log Command line argument: -Djava.protocol.handler.pkgs=org.apache.catalina.webresources
17-Jan-2023 15:00:00.780 INFORMAÇÕES [main] org.apache.catalina.startup.VersionLoggerListener.log Command line argument: -Dorg.apache.catalina.security.SecurityListener.UMASK=0027
17-Jan-2023 15:00:00.781 INFORMAÇÕES [main] org.apache.catalina.startup.VersionLoggerListener.log Command line argument: -Dignore.endorsed.dirs=
17-Jan-2023 15:00:00.781 INFORMAÇÕES [main] org.apache.catalina.startup.VersionLoggerListener.log Command line argument: -Dcatalina.base=/home/will-feral/curso-jenkins/apache-tomcat-8.5.50
17-Jan-2023 15:00:00.781 INFORMAÇÕES [main] org.apache.catalina.startup.VersionLoggerListener.log Command line argument: -Dcatalina.home=/home/will-feral/curso-jenkins/apache-tomcat-8.5.50
17-Jan-2023 15:00:00.781 INFORMAÇÕES [main] org.apache.catalina.startup.VersionLoggerListener.log Command line argument: -Djava.io.tmpdir=/home/will-feral/curso-jenkins/apache-tomcat-8.5.50/temp
17-Jan-2023 15:00:00.781 INFORMAÇÕES [main] org.apache.catalina.core.AprLifecycleListener.lifecycleEvent The APR based Apache Tomcat Native library which allows optimal performance in production environments was not found on the java.library.path: [/usr/java/packages/lib/amd64:/usr/lib/x86_64-linux-gnu/jni:/lib/x86_64-linux-gnu:/usr/lib/x86_64-linux-gnu:/usr/lib/jni:/lib:/usr/lib]
17-Jan-2023 15:00:00.896 INFORMAÇÕES [main] org.apache.coyote.AbstractProtocol.init Initializing ProtocolHandler ["http-nio-8001"]
17-Jan-2023 15:00:00.930 INFORMAÇÕES [main] org.apache.tomcat.util.net.NioSelectorPool.getSharedSelector Using a shared selector for servlet write/read
17-Jan-2023 15:00:00.948 INFORMAÇÕES [main] org.apache.coyote.AbstractProtocol.init Initializing ProtocolHandler ["ajp-nio-8009"]
17-Jan-2023 15:00:00.949 INFORMAÇÕES [main] org.apache.tomcat.util.net.NioSelectorPool.getSharedSelector Using a shared selector for servlet write/read
17-Jan-2023 15:00:00.950 INFORMAÇÕES [main] org.apache.catalina.startup.Catalina.load Initialization processed in 794 ms
17-Jan-2023 15:00:01.002 INFORMAÇÕES [main] org.apache.catalina.core.StandardService.startInternal Starting service [Catalina]
17-Jan-2023 15:00:01.003 INFORMAÇÕES [main] org.apache.catalina.core.StandardEngine.startInternal Starting Servlet Engine: Apache Tomcat/8.5.50
17-Jan-2023 15:00:01.044 INFORMAÇÕES [localhost-startStop-1] org.apache.catalina.startup.HostConfig.deployWAR Deploying web application archive [/home/will-feral/curso-jenkins/apache-tomcat-8.5.50/webapps/tasks-backend.war]
17-Jan-2023 15:00:10.751 INFORMAÇÕES [localhost-startStop-1] org.apache.jasper.servlet.TldScanner.scanJars At least one JAR was scanned for TLDs yet contained no TLDs. Enable debug logging for this logger for a complete list of JARs that were scanned but no TLDs were found in them. Skipping unneeded JARs during scanning can improve startup time and JSP compilation time.
17-Jan-2023 15:00:10.813 INFORMAÇÕES [localhost-startStop-1] org.apache.catalina.startup.HostConfig.deployWAR Deployment of web application archive [/home/will-feral/curso-jenkins/apache-tomcat-8.5.50/webapps/tasks-backend.war] has finished in [9,768] ms
17-Jan-2023 15:00:10.814 INFORMAÇÕES [localhost-startStop-1] org.apache.catalina.startup.HostConfig.deployWAR Deploying web application archive [/home/will-feral/curso-jenkins/apache-tomcat-8.5.50/webapps/tasks.war]
17-Jan-2023 15:00:15.346 INFORMAÇÕES [localhost-startStop-1] org.apache.jasper.servlet.TldScanner.scanJars At least one JAR was scanned for TLDs yet contained no TLDs. Enable debug logging for this logger for a complete list of JARs that were scanned but no TLDs were found in them. Skipping unneeded JARs during scanning can improve startup time and JSP compilation time.
17-Jan-2023 15:00:15.352 INFORMAÇÕES [localhost-startStop-1] org.apache.catalina.startup.HostConfig.deployWAR Deployment of web application archive [/home/will-feral/curso-jenkins/apache-tomcat-8.5.50/webapps/tasks.war] has finished in [4,538] ms
17-Jan-2023 15:00:15.353 INFORMAÇÕES [localhost-startStop-1] org.apache.catalina.startup.HostConfig.deployDirectory Deploying web application directory [/home/will-feral/curso-jenkins/apache-tomcat-8.5.50/webapps/manager]
17-Jan-2023 15:00:15.387 INFORMAÇÕES [localhost-startStop-1] org.apache.catalina.startup.HostConfig.deployDirectory Deployment of web application directory [/home/will-feral/curso-jenkins/apache-tomcat-8.5.50/webapps/manager] has finished in [34] ms
17-Jan-2023 15:00:15.387 INFORMAÇÕES [localhost-startStop-1] org.apache.catalina.startup.HostConfig.deployDirectory Deploying web application directory [/home/will-feral/curso-jenkins/apache-tomcat-8.5.50/webapps/docs]
17-Jan-2023 15:00:15.402 INFORMAÇÕES [localhost-startStop-1] org.apache.catalina.startup.HostConfig.deployDirectory Deployment of web application directory [/home/will-feral/curso-jenkins/apache-tomcat-8.5.50/webapps/docs] has finished in [15] ms
17-Jan-2023 15:00:15.403 INFORMAÇÕES [localhost-startStop-1] org.apache.catalina.startup.HostConfig.deployDirectory Deploying web application directory [/home/will-feral/curso-jenkins/apache-tomcat-8.5.50/webapps/ROOT]
17-Jan-2023 15:00:15.417 INFORMAÇÕES [localhost-startStop-1] org.apache.catalina.startup.HostConfig.deployDirectory Deployment of web application directory [/home/will-feral/curso-jenkins/apache-tomcat-8.5.50/webapps/ROOT] has finished in [14] ms
17-Jan-2023 15:00:15.418 INFORMAÇÕES [localhost-startStop-1] org.apache.catalina.startup.HostConfig.deployDirectory Deploying web application directory [/home/will-feral/curso-jenkins/apache-tomcat-8.5.50/webapps/examples]
17-Jan-2023 15:00:15.599 INFORMAÇÕES [localhost-startStop-1] org.apache.catalina.startup.HostConfig.deployDirectory Deployment of web application directory [/home/will-feral/curso-jenkins/apache-tomcat-8.5.50/webapps/examples] has finished in [181] ms
17-Jan-2023 15:00:15.599 INFORMAÇÕES [localhost-startStop-1] org.apache.catalina.startup.HostConfig.deployDirectory Deploying web application directory [/home/will-feral/curso-jenkins/apache-tomcat-8.5.50/webapps/host-manager]
17-Jan-2023 15:00:15.615 INFORMAÇÕES [localhost-startStop-1] org.apache.catalina.startup.HostConfig.deployDirectory Deployment of web application directory [/home/will-feral/curso-jenkins/apache-tomcat-8.5.50/webapps/host-manager] has finished in [16] ms
17-Jan-2023 15:00:15.619 INFORMAÇÕES [main] org.apache.coyote.AbstractProtocol.start Starting ProtocolHandler ["http-nio-8001"]
17-Jan-2023 15:00:15.629 INFORMAÇÕES [main] org.apache.coyote.AbstractProtocol.start Starting ProtocolHandler ["ajp-nio-8009"]
17-Jan-2023 15:00:15.645 INFORMAÇÕES [main] org.apache.catalina.startup.Catalina.start Server startup in 14694 ms
17-Jan-2023 15:33:49.435 ADVERTÊNCIA [http-nio-8001-exec-5] org.apache.catalina.loader.WebappClassLoaderBase.clearReferencesJdbc The web application [tasks-backend] registered the JDBC driver [org.postgresql.Driver] but failed to unregister it when the web application was stopped. To prevent a memory leak, the JDBC Driver has been forcibly unregistered.
17-Jan-2023 15:33:50.151 INFORMAÇÕES [http-nio-8001-exec-5] org.apache.catalina.startup.HostConfig.undeploy Undeploying context [/tasks-backend]
17-Jan-2023 15:33:50.885 INFORMAÇÕES [http-nio-8001-exec-3] org.apache.catalina.startup.HostConfig.deployWAR Deploying web application archive [/home/will-feral/curso-jenkins/apache-tomcat-8.5.50/webapps/tasks-backend.war]
17-Jan-2023 15:34:10.246 INFORMAÇÕES [http-nio-8001-exec-3] org.apache.jasper.servlet.TldScanner.scanJars At least one JAR was scanned for TLDs yet contained no TLDs. Enable debug logging for this logger for a complete list of JARs that were scanned but no TLDs were found in them. Skipping unneeded JARs during scanning can improve startup time and JSP compilation time.
17-Jan-2023 15:34:10.267 INFORMAÇÕES [http-nio-8001-exec-3] org.apache.catalina.startup.HostConfig.deployWAR Deployment of web application archive [/home/will-feral/curso-jenkins/apache-tomcat-8.5.50/webapps/tasks-backend.war] has finished in [19,382] ms
17-Jan-2023 15:34:27.878 INFORMAÇÕES [http-nio-8001-exec-9] org.apache.catalina.startup.HostConfig.undeploy Undeploying context [/tasks]
17-Jan-2023 15:34:28.152 INFORMAÇÕES [http-nio-8001-exec-12] org.apache.catalina.startup.HostConfig.deployWAR Deploying web application archive [/home/will-feral/curso-jenkins/apache-tomcat-8.5.50/webapps/tasks.war]
17-Jan-2023 15:34:34.584 INFORMAÇÕES [http-nio-8001-exec-12] org.apache.jasper.servlet.TldScanner.scanJars At least one JAR was scanned for TLDs yet contained no TLDs. Enable debug logging for this logger for a complete list of JARs that were scanned but no TLDs were found in them. Skipping unneeded JARs during scanning can improve startup time and JSP compilation time.
17-Jan-2023 15:34:34.595 INFORMAÇÕES [http-nio-8001-exec-12] org.apache.catalina.startup.HostConfig.deployWAR Deployment of web application archive [/home/will-feral/curso-jenkins/apache-tomcat-8.5.50/webapps/tasks.war] has finished in [6,444] ms
