06-Jan-2023 14:00:34.640 ADVERTÊNCIA [http-nio-8001-exec-33] org.apache.catalina.loader.WebappClassLoaderBase.clearReferencesJdbc The web application [tasks-backend] registered the JDBC driver [org.postgresql.Driver] but failed to unregister it when the web application was stopped. To prevent a memory leak, the JDBC Driver has been forcibly unregistered.
06-Jan-2023 14:00:40.256 INFORMAÇÕES [http-nio-8001-exec-33] org.apache.catalina.startup.HostConfig.undeploy Undeploying context [/tasks-backend]
06-Jan-2023 14:00:41.440 INFORMAÇÕES [http-nio-8001-exec-33] org.apache.catalina.startup.HostConfig.deployWAR Deploying web application archive [/home/will-feral/curso-jenkins/apache-tomcat-8.5.50/webapps/tasks-backend.war]
06-Jan-2023 14:02:48.830 INFORMAÇÕES [http-nio-8001-exec-33] org.apache.jasper.servlet.TldScanner.scanJars At least one JAR was scanned for TLDs yet contained no TLDs. Enable debug logging for this logger for a complete list of JARs that were scanned but no TLDs were found in them. Skipping unneeded JARs during scanning can improve startup time and JSP compilation time.
06-Jan-2023 14:02:48.941 INFORMAÇÕES [http-nio-8001-exec-33] org.apache.catalina.startup.HostConfig.deployWAR Deployment of web application archive [/home/will-feral/curso-jenkins/apache-tomcat-8.5.50/webapps/tasks-backend.war] has finished in [127,502] ms
06-Jan-2023 14:18:30.163 INFORMAÇÕES [http-nio-8001-exec-43] org.apache.catalina.startup.HostConfig.undeploy Undeploying context [/tasks]
06-Jan-2023 14:18:30.660 INFORMAÇÕES [http-nio-8001-exec-51] org.apache.catalina.startup.HostConfig.deployWAR Deploying web application archive [/home/will-feral/curso-jenkins/apache-tomcat-8.5.50/webapps/tasks.war]
06-Jan-2023 14:18:45.589 INFORMAÇÕES [http-nio-8001-exec-51] org.apache.jasper.servlet.TldScanner.scanJars At least one JAR was scanned for TLDs yet contained no TLDs. Enable debug logging for this logger for a complete list of JARs that were scanned but no TLDs were found in them. Skipping unneeded JARs during scanning can improve startup time and JSP compilation time.
06-Jan-2023 14:18:45.594 INFORMAÇÕES [http-nio-8001-exec-51] org.apache.catalina.startup.HostConfig.deployWAR Deployment of web application archive [/home/will-feral/curso-jenkins/apache-tomcat-8.5.50/webapps/tasks.war] has finished in [14,934] ms
06-Jan-2023 15:13:59.906 INFORMAÇÕES [http-nio-8001-exec-60] org.apache.catalina.startup.HostConfig.undeploy Undeploying context [/tasks]
06-Jan-2023 15:14:01.234 INFORMAÇÕES [http-nio-8001-exec-61] org.apache.catalina.startup.HostConfig.deployWAR Deploying web application archive [/home/will-feral/curso-jenkins/apache-tomcat-8.5.50/webapps/tasks.war]
06-Jan-2023 15:17:53.777 INFORMAÇÕES [http-nio-8001-exec-61] org.apache.jasper.servlet.TldScanner.scanJars At least one JAR was scanned for TLDs yet contained no TLDs. Enable debug logging for this logger for a complete list of JARs that were scanned but no TLDs were found in them. Skipping unneeded JARs during scanning can improve startup time and JSP compilation time.
06-Jan-2023 15:17:53.797 INFORMAÇÕES [227] org.apache.catalina.startup.HostConfig.deployWAR Deployment of web application archive [/home/will-feral/curso-jenkins/apache-tomcat-8.5.50/webapps/tasks.war] has finished in [232,550] ms
06-Jan-2023 15:42:14.400 ADVERTÊNCIA [http-nio-8001-exec-68] org.apache.catalina.loader.WebappClassLoaderBase.clearReferencesJdbc The web application [tasks-backend] registered the JDBC driver [org.postgresql.Driver] but failed to unregister it when the web application was stopped. To prevent a memory leak, the JDBC Driver has been forcibly unregistered.
06-Jan-2023 15:42:15.265 INFORMAÇÕES [http-nio-8001-exec-68] org.apache.catalina.startup.HostConfig.undeploy Undeploying context [/tasks-backend]
06-Jan-2023 15:42:19.150 INFORMAÇÕES [http-nio-8001-exec-64] org.apache.catalina.startup.HostConfig.undeploy Undeploying context [/tasks]
06-Jan-2023 15:43:04.133 INFORMAÇÕES [http-nio-8001-exec-73] org.apache.catalina.startup.HostConfig.deployWAR Deploying web application archive [/home/will-feral/curso-jenkins/apache-tomcat-8.5.50/webapps/tasks-backend.war]
06-Jan-2023 15:43:38.833 INFORMAÇÕES [http-nio-8001-exec-73] org.apache.jasper.servlet.TldScanner.scanJars At least one JAR was scanned for TLDs yet contained no TLDs. Enable debug logging for this logger for a complete list of JARs that were scanned but no TLDs were found in them. Skipping unneeded JARs during scanning can improve startup time and JSP compilation time.
06-Jan-2023 15:43:38.846 INFORMAÇÕES [http-nio-8001-exec-73] org.apache.catalina.startup.HostConfig.deployWAR Deployment of web application archive [/home/will-feral/curso-jenkins/apache-tomcat-8.5.50/webapps/tasks-backend.war] has finished in [34,713] ms
06-Jan-2023 15:44:13.015 INFORMAÇÕES [http-nio-8001-exec-77] org.apache.catalina.startup.HostConfig.deployWAR Deploying web application archive [/home/will-feral/curso-jenkins/apache-tomcat-8.5.50/webapps/tasks.war]
06-Jan-2023 15:44:21.287 INFORMAÇÕES [http-nio-8001-exec-77] org.apache.jasper.servlet.TldScanner.scanJars At least one JAR was scanned for TLDs yet contained no TLDs. Enable debug logging for this logger for a complete list of JARs that were scanned but no TLDs were found in them. Skipping unneeded JARs during scanning can improve startup time and JSP compilation time.
06-Jan-2023 15:44:21.294 INFORMAÇÕES [http-nio-8001-exec-77] org.apache.catalina.startup.HostConfig.deployWAR Deployment of web application archive [/home/will-feral/curso-jenkins/apache-tomcat-8.5.50/webapps/tasks.war] has finished in [8,279] ms
06-Jan-2023 15:44:59.677 INFORMAÇÕES [http-nio-8001-exec-79] org.apache.catalina.startup.HostConfig.undeploy Undeploying context [/tasks]
06-Jan-2023 16:12:27.680 ADVERTÊNCIA [http-nio-8001-exec-87] org.apache.catalina.loader.WebappClassLoaderBase.clearReferencesJdbc The web application [tasks-backend] registered the JDBC driver [org.postgresql.Driver] but failed to unregister it when the web application was stopped. To prevent a memory leak, the JDBC Driver has been forcibly unregistered.
06-Jan-2023 16:12:29.102 INFORMAÇÕES [http-nio-8001-exec-87] org.apache.catalina.startup.HostConfig.undeploy Undeploying context [/tasks-backend]
06-Jan-2023 16:12:29.607 INFORMAÇÕES [http-nio-8001-exec-85] org.apache.catalina.startup.HostConfig.deployWAR Deploying web application archive [/home/will-feral/curso-jenkins/apache-tomcat-8.5.50/webapps/tasks-backend.war]
06-Jan-2023 16:12:54.520 INFORMAÇÕES [http-nio-8001-exec-85] org.apache.jasper.servlet.TldScanner.scanJars At least one JAR was scanned for TLDs yet contained no TLDs. Enable debug logging for this logger for a complete list of JARs that were scanned but no TLDs were found in them. Skipping unneeded JARs during scanning can improve startup time and JSP compilation time.
06-Jan-2023 16:12:54.527 INFORMAÇÕES [http-nio-8001-exec-85] org.apache.catalina.startup.HostConfig.deployWAR Deployment of web application archive [/home/will-feral/curso-jenkins/apache-tomcat-8.5.50/webapps/tasks-backend.war] has finished in [24,920] ms
06-Jan-2023 16:13:23.883 INFORMAÇÕES [http-nio-8001-exec-83] org.apache.catalina.startup.HostConfig.deployWAR Deploying web application archive [/home/will-feral/curso-jenkins/apache-tomcat-8.5.50/webapps/tasks.war]
06-Jan-2023 16:15:03.058 INFORMAÇÕES [http-nio-8001-exec-83] org.apache.jasper.servlet.TldScanner.scanJars At least one JAR was scanned for TLDs yet contained no TLDs. Enable debug logging for this logger for a complete list of JARs that were scanned but no TLDs were found in them. Skipping unneeded JARs during scanning can improve startup time and JSP compilation time.
06-Jan-2023 16:15:03.069 INFORMAÇÕES [http-nio-8001-exec-83] org.apache.catalina.startup.HostConfig.deployWAR Deployment of web application archive [/home/will-feral/curso-jenkins/apache-tomcat-8.5.50/webapps/tasks.war] has finished in [99,187] ms
06-Jan-2023 16:17:28.112 INFORMAÇÕES [http-nio-8001-exec-97] org.apache.catalina.startup.HostConfig.undeploy Undeploying context [/tasks]
06-Jan-2023 16:17:28.246 INFORMAÇÕES [http-nio-8001-exec-94] org.apache.catalina.startup.HostConfig.deployWAR Deploying web application archive [/home/will-feral/curso-jenkins/apache-tomcat-8.5.50/webapps/tasks.war]
06-Jan-2023 16:17:39.741 INFORMAÇÕES [http-nio-8001-exec-94] org.apache.jasper.servlet.TldScanner.scanJars At least one JAR was scanned for TLDs yet contained no TLDs. Enable debug logging for this logger for a complete list of JARs that were scanned but no TLDs were found in them. Skipping unneeded JARs during scanning can improve startup time and JSP compilation time.
06-Jan-2023 16:17:39.748 INFORMAÇÕES [http-nio-8001-exec-94] org.apache.catalina.startup.HostConfig.deployWAR Deployment of web application archive [/home/will-feral/curso-jenkins/apache-tomcat-8.5.50/webapps/tasks.war] has finished in [11,501] ms
06-Jan-2023 16:20:05.216 INFORMAÇÕES [http-nio-8001-exec-103] org.apache.catalina.startup.HostConfig.undeploy Undeploying context [/tasks]
06-Jan-2023 16:20:08.435 ADVERTÊNCIA [http-nio-8001-exec-105] org.apache.catalina.loader.WebappClassLoaderBase.clearReferencesJdbc The web application [tasks-backend] registered the JDBC driver [org.postgresql.Driver] but failed to unregister it when the web application was stopped. To prevent a memory leak, the JDBC Driver has been forcibly unregistered.
06-Jan-2023 16:20:09.385 INFORMAÇÕES [http-nio-8001-exec-105] org.apache.catalina.startup.HostConfig.undeploy Undeploying context [/tasks-backend]
06-Jan-2023 16:20:58.507 INFORMAÇÕES [http-nio-8001-exec-112] org.apache.catalina.startup.HostConfig.deployWAR Deploying web application archive [/home/will-feral/curso-jenkins/apache-tomcat-8.5.50/webapps/tasks-backend.war]
06-Jan-2023 16:21:13.342 INFORMAÇÕES [http-nio-8001-exec-112] org.apache.jasper.servlet.TldScanner.scanJars At least one JAR was scanned for TLDs yet contained no TLDs. Enable debug logging for this logger for a complete list of JARs that were scanned but no TLDs were found in them. Skipping unneeded JARs during scanning can improve startup time and JSP compilation time.
06-Jan-2023 16:21:13.351 INFORMAÇÕES [http-nio-8001-exec-112] org.apache.catalina.startup.HostConfig.deployWAR Deployment of web application archive [/home/will-feral/curso-jenkins/apache-tomcat-8.5.50/webapps/tasks-backend.war] has finished in [14,843] ms
06-Jan-2023 16:21:35.277 INFORMAÇÕES [http-nio-8001-exec-111] org.apache.catalina.startup.HostConfig.deployWAR Deploying web application archive [/home/will-feral/curso-jenkins/apache-tomcat-8.5.50/webapps/tasks.war]
06-Jan-2023 16:21:35.285 ADVERTÊNCIA [http-nio-8001-exec-110] org.apache.catalina.loader.WebappClassLoaderBase.clearReferencesJdbc The web application [tasks-backend] registered the JDBC driver [org.postgresql.Driver] but failed to unregister it when the web application was stopped. To prevent a memory leak, the JDBC Driver has been forcibly unregistered.
06-Jan-2023 16:21:35.811 INFORMAÇÕES [http-nio-8001-exec-110] org.apache.catalina.startup.HostConfig.undeploy Undeploying context [/tasks-backend]
06-Jan-2023 16:21:41.415 INFORMAÇÕES [http-nio-8001-exec-111] org.apache.jasper.servlet.TldScanner.scanJars At least one JAR was scanned for TLDs yet contained no TLDs. Enable debug logging for this logger for a complete list of JARs that were scanned but no TLDs were found in them. Skipping unneeded JARs during scanning can improve startup time and JSP compilation time.
06-Jan-2023 16:21:41.420 INFORMAÇÕES [http-nio-8001-exec-111] org.apache.catalina.startup.HostConfig.deployWAR Deployment of web application archive [/home/will-feral/curso-jenkins/apache-tomcat-8.5.50/webapps/tasks.war] has finished in [6,143] ms
06-Jan-2023 16:29:06.327 INFORMAÇÕES [http-nio-8001-exec-123] org.apache.catalina.startup.HostConfig.deployWAR Deploying web application archive [/home/will-feral/curso-jenkins/apache-tomcat-8.5.50/webapps/tasks-backend.war]
06-Jan-2023 16:29:23.565 INFORMAÇÕES [http-nio-8001-exec-123] org.apache.jasper.servlet.TldScanner.scanJars At least one JAR was scanned for TLDs yet contained no TLDs. Enable debug logging for this logger for a complete list of JARs that were scanned but no TLDs were found in them. Skipping unneeded JARs during scanning can improve startup time and JSP compilation time.
06-Jan-2023 16:29:23.572 INFORMAÇÕES [http-nio-8001-exec-123] org.apache.catalina.startup.HostConfig.deployWAR Deployment of web application archive [/home/will-feral/curso-jenkins/apache-tomcat-8.5.50/webapps/tasks-backend.war] has finished in [17,245] ms
06-Jan-2023 16:29:42.148 INFORMAÇÕES [http-nio-8001-exec-119] org.apache.catalina.startup.HostConfig.undeploy Undeploying context [/tasks]
06-Jan-2023 16:29:42.577 INFORMAÇÕES [http-nio-8001-exec-121] org.apache.catalina.startup.HostConfig.deployWAR Deploying web application archive [/home/will-feral/curso-jenkins/apache-tomcat-8.5.50/webapps/tasks.war]
06-Jan-2023 16:29:49.411 INFORMAÇÕES [http-nio-8001-exec-121] org.apache.jasper.servlet.TldScanner.scanJars At least one JAR was scanned for TLDs yet contained no TLDs. Enable debug logging for this logger for a complete list of JARs that were scanned but no TLDs were found in them. Skipping unneeded JARs during scanning can improve startup time and JSP compilation time.
06-Jan-2023 16:29:49.417 INFORMAÇÕES [http-nio-8001-exec-121] org.apache.catalina.startup.HostConfig.deployWAR Deployment of web application archive [/home/will-feral/curso-jenkins/apache-tomcat-8.5.50/webapps/tasks.war] has finished in [6,840] ms
