13-Jan-2023 15:52:03.070 INFORMAÇÕES [main] org.apache.catalina.startup.VersionLoggerListener.log Server version name:   Apache Tomcat/8.5.50
13-Jan-2023 15:52:03.077 INFORMAÇÕES [main] org.apache.catalina.startup.VersionLoggerListener.log Server built:          Dec 7 2019 19:19:46 UTC
13-Jan-2023 15:52:03.077 INFORMAÇÕES [main] org.apache.catalina.startup.VersionLoggerListener.log Server version number: 8.5.50.0
13-Jan-2023 15:52:03.078 INFORMAÇÕES [main] org.apache.catalina.startup.VersionLoggerListener.log OS Name:               Linux
13-Jan-2023 15:52:03.078 INFORMAÇÕES [main] org.apache.catalina.startup.VersionLoggerListener.log OS Version:            5.15.0-58-generic
13-Jan-2023 15:52:03.078 INFORMAÇÕES [main] org.apache.catalina.startup.VersionLoggerListener.log Architecture:          amd64
13-Jan-2023 15:52:03.078 INFORMAÇÕES [main] org.apache.catalina.startup.VersionLoggerListener.log Java Home:             /usr/java/jre1.8.0_351
13-Jan-2023 15:52:03.078 INFORMAÇÕES [main] org.apache.catalina.startup.VersionLoggerListener.log JVM Version:           1.8.0_351-b10
13-Jan-2023 15:52:03.079 INFORMAÇÕES [main] org.apache.catalina.startup.VersionLoggerListener.log JVM Vendor:            Oracle Corporation
13-Jan-2023 15:52:03.079 INFORMAÇÕES [main] org.apache.catalina.startup.VersionLoggerListener.log CATALINA_BASE:         /home/will-feral/curso-jenkins/apache-tomcat-8.5.50
13-Jan-2023 15:52:03.079 INFORMAÇÕES [main] org.apache.catalina.startup.VersionLoggerListener.log CATALINA_HOME:         /home/will-feral/curso-jenkins/apache-tomcat-8.5.50
13-Jan-2023 15:52:03.079 INFORMAÇÕES [main] org.apache.catalina.startup.VersionLoggerListener.log Command line argument: -Djava.util.logging.config.file=/home/will-feral/curso-jenkins/apache-tomcat-8.5.50/conf/logging.properties
13-Jan-2023 15:52:03.080 INFORMAÇÕES [main] org.apache.catalina.startup.VersionLoggerListener.log Command line argument: -Djava.util.logging.manager=org.apache.juli.ClassLoaderLogManager
13-Jan-2023 15:52:03.080 INFORMAÇÕES [main] org.apache.catalina.startup.VersionLoggerListener.log Command line argument: -Djdk.tls.ephemeralDHKeySize=2048
13-Jan-2023 15:52:03.080 INFORMAÇÕES [main] org.apache.catalina.startup.VersionLoggerListener.log Command line argument: -Djava.protocol.handler.pkgs=org.apache.catalina.webresources
13-Jan-2023 15:52:03.080 INFORMAÇÕES [main] org.apache.catalina.startup.VersionLoggerListener.log Command line argument: -Dorg.apache.catalina.security.SecurityListener.UMASK=0027
13-Jan-2023 15:52:03.080 INFORMAÇÕES [main] org.apache.catalina.startup.VersionLoggerListener.log Command line argument: -Dignore.endorsed.dirs=
13-Jan-2023 15:52:03.080 INFORMAÇÕES [main] org.apache.catalina.startup.VersionLoggerListener.log Command line argument: -Dcatalina.base=/home/will-feral/curso-jenkins/apache-tomcat-8.5.50
13-Jan-2023 15:52:03.081 INFORMAÇÕES [main] org.apache.catalina.startup.VersionLoggerListener.log Command line argument: -Dcatalina.home=/home/will-feral/curso-jenkins/apache-tomcat-8.5.50
13-Jan-2023 15:52:03.081 INFORMAÇÕES [main] org.apache.catalina.startup.VersionLoggerListener.log Command line argument: -Djava.io.tmpdir=/home/will-feral/curso-jenkins/apache-tomcat-8.5.50/temp
13-Jan-2023 15:52:03.081 INFORMAÇÕES [main] org.apache.catalina.core.AprLifecycleListener.lifecycleEvent The APR based Apache Tomcat Native library which allows optimal performance in production environments was not found on the java.library.path: [/usr/java/packages/lib/amd64:/usr/lib64:/lib64:/lib:/usr/lib]
13-Jan-2023 15:52:03.465 INFORMAÇÕES [main] org.apache.coyote.AbstractProtocol.init Initializing ProtocolHandler ["http-nio-8001"]
13-Jan-2023 15:52:03.487 INFORMAÇÕES [main] org.apache.tomcat.util.net.NioSelectorPool.getSharedSelector Using a shared selector for servlet write/read
13-Jan-2023 15:52:03.506 INFORMAÇÕES [main] org.apache.coyote.AbstractProtocol.init Initializing ProtocolHandler ["ajp-nio-8009"]
13-Jan-2023 15:52:03.521 INFORMAÇÕES [main] org.apache.tomcat.util.net.NioSelectorPool.getSharedSelector Using a shared selector for servlet write/read
13-Jan-2023 15:52:03.522 INFORMAÇÕES [main] org.apache.catalina.startup.Catalina.load Initialization processed in 1471 ms
13-Jan-2023 15:52:03.579 INFORMAÇÕES [main] org.apache.catalina.core.StandardService.startInternal Starting service [Catalina]
13-Jan-2023 15:52:03.580 INFORMAÇÕES [main] org.apache.catalina.core.StandardEngine.startInternal Starting Servlet Engine: Apache Tomcat/8.5.50
13-Jan-2023 15:52:03.628 INFORMAÇÕES [localhost-startStop-1] org.apache.catalina.startup.HostConfig.deployWAR Deploying web application archive [/home/will-feral/curso-jenkins/apache-tomcat-8.5.50/webapps/tasks-backend.war]
13-Jan-2023 15:52:03.652 INFORMAÇÕES [localhost-startStop-1] org.apache.catalina.startup.ExpandWar.expand An expanded directory [/home/will-feral/curso-jenkins/apache-tomcat-8.5.50/webapps/tasks-backend] was found with a last modified time that did not match the associated WAR. It will be deleted.
13-Jan-2023 15:52:17.311 GRAVE [localhost-startStop-1] org.apache.catalina.core.ContainerBase.addChildInternal ContainerBase.addChild: start: 
	org.apache.catalina.LifecycleException: Failed to start component [StandardEngine[Catalina].StandardHost[localhost].StandardContext[/tasks-backend]]
		at org.apache.catalina.util.LifecycleBase.handleSubClassException(LifecycleBase.java:440)
		at org.apache.catalina.util.LifecycleBase.start(LifecycleBase.java:198)
		at org.apache.catalina.core.ContainerBase.addChildInternal(ContainerBase.java:743)
		at org.apache.catalina.core.ContainerBase.addChild(ContainerBase.java:719)
		at org.apache.catalina.core.StandardHost.addChild(StandardHost.java:705)
		at org.apache.catalina.startup.HostConfig.deployWAR(HostConfig.java:970)
		at org.apache.catalina.startup.HostConfig$DeployWar.run(HostConfig.java:1841)
		at java.util.concurrent.Executors$RunnableAdapter.call(Executors.java:511)
		at java.util.concurrent.FutureTask.run(FutureTask.java:266)
		at java.util.concurrent.ThreadPoolExecutor.runWorker(ThreadPoolExecutor.java:1149)
		at java.util.concurrent.ThreadPoolExecutor$Worker.run(ThreadPoolExecutor.java:624)
		at java.lang.Thread.run(Thread.java:750)
	Caused by: org.springframework.beans.factory.BeanCreationException: Error creating bean with name 'entityManagerFactory' defined in class path resource [org/springframework/boot/autoconfigure/orm/jpa/HibernateJpaConfiguration.class]: Invocation of init method failed; nested exception is javax.persistence.PersistenceException: [PersistenceUnit: default] Unable to build Hibernate SessionFactory; nested exception is org.hibernate.exception.JDBCConnectionException: Unable to open JDBC Connection for DDL execution
		at org.springframework.beans.factory.support.AbstractAutowireCapableBeanFactory.initializeBean(AbstractAutowireCapableBeanFactory.java:1796)
		at org.springframework.beans.factory.support.AbstractAutowireCapableBeanFactory.doCreateBean(AbstractAutowireCapableBeanFactory.java:595)
		at org.springframework.beans.factory.support.AbstractAutowireCapableBeanFactory.createBean(AbstractAutowireCapableBeanFactory.java:517)
		at org.springframework.beans.factory.support.AbstractBeanFactory.lambda$doGetBean$0(AbstractBeanFactory.java:323)
		at org.springframework.beans.factory.support.DefaultSingletonBeanRegistry.getSingleton(DefaultSingletonBeanRegistry.java:222)
		at org.springframework.beans.factory.support.AbstractBeanFactory.doGetBean(AbstractBeanFactory.java:321)
		at org.springframework.beans.factory.support.AbstractBeanFactory.getBean(AbstractBeanFactory.java:202)
		at org.springframework.context.support.AbstractApplicationContext.getBean(AbstractApplicationContext.java:1108)
		at org.springframework.context.support.AbstractApplicationContext.finishBeanFactoryInitialization(AbstractApplicationContext.java:868)
		at org.springframework.context.support.AbstractApplicationContext.refresh(AbstractApplicationContext.java:550)
		at org.springframework.boot.web.servlet.context.ServletWebServerApplicationContext.refresh(ServletWebServerApplicationContext.java:141)
		at org.springframework.boot.SpringApplication.refresh(SpringApplication.java:747)
		at org.springframework.boot.SpringApplication.refreshContext(SpringApplication.java:397)
		at org.springframework.boot.SpringApplication.run(SpringApplication.java:315)
		at org.springframework.boot.web.servlet.support.SpringBootServletInitializer.run(SpringBootServletInitializer.java:152)
		at org.springframework.boot.web.servlet.support.SpringBootServletInitializer.createRootApplicationContext(SpringBootServletInitializer.java:132)
		at org.springframework.boot.web.servlet.support.SpringBootServletInitializer.onStartup(SpringBootServletInitializer.java:92)
		at org.springframework.web.SpringServletContainerInitializer.onStartup(SpringServletContainerInitializer.java:172)
		at org.apache.catalina.core.StandardContext.startInternal(StandardContext.java:5154)
		at org.apache.catalina.util.LifecycleBase.start(LifecycleBase.java:183)
		... 10 more
	Caused by: javax.persistence.PersistenceException: [PersistenceUnit: default] Unable to build Hibernate SessionFactory; nested exception is org.hibernate.exception.JDBCConnectionException: Unable to open JDBC Connection for DDL execution
		at org.springframework.orm.jpa.AbstractEntityManagerFactoryBean.buildNativeEntityManagerFactory(AbstractEntityManagerFactoryBean.java:403)
		at org.springframework.orm.jpa.AbstractEntityManagerFactoryBean.afterPropertiesSet(AbstractEntityManagerFactoryBean.java:378)
		at org.springframework.orm.jpa.LocalContainerEntityManagerFactoryBean.afterPropertiesSet(LocalContainerEntityManagerFactoryBean.java:341)
		at org.springframework.beans.factory.support.AbstractAutowireCapableBeanFactory.invokeInitMethods(AbstractAutowireCapableBeanFactory.java:1855)
		at org.springframework.beans.factory.support.AbstractAutowireCapableBeanFactory.initializeBean(AbstractAutowireCapableBeanFactory.java:1792)
		... 29 more
	Caused by: org.hibernate.exception.JDBCConnectionException: Unable to open JDBC Connection for DDL execution
		at org.hibernate.exception.internal.SQLStateConversionDelegate.convert(SQLStateConversionDelegate.java:112)
		at org.hibernate.exception.internal.StandardSQLExceptionConverter.convert(StandardSQLExceptionConverter.java:42)
		at org.hibernate.engine.jdbc.spi.SqlExceptionHelper.convert(SqlExceptionHelper.java:113)
		at org.hibernate.engine.jdbc.spi.SqlExceptionHelper.convert(SqlExceptionHelper.java:99)
		at org.hibernate.resource.transaction.backend.jdbc.internal.DdlTransactionIsolatorNonJtaImpl.getIsolatedConnection(DdlTransactionIsolatorNonJtaImpl.java:69)
		at org.hibernate.tool.schema.internal.exec.GenerationTargetToDatabase.jdbcStatement(GenerationTargetToDatabase.java:77)
		at org.hibernate.tool.schema.internal.exec.GenerationTargetToDatabase.accept(GenerationTargetToDatabase.java:53)
		at org.hibernate.tool.schema.internal.SchemaDropperImpl.applySqlString(SchemaDropperImpl.java:375)
		at org.hibernate.tool.schema.internal.SchemaDropperImpl.applySqlStrings(SchemaDropperImpl.java:359)
		at org.hibernate.tool.schema.internal.SchemaDropperImpl.dropFromMetadata(SchemaDropperImpl.java:241)
		at org.hibernate.tool.schema.internal.SchemaDropperImpl.performDrop(SchemaDropperImpl.java:154)
		at org.hibernate.tool.schema.internal.SchemaDropperImpl.doDrop(SchemaDropperImpl.java:126)
		at org.hibernate.tool.schema.internal.SchemaDropperImpl.doDrop(SchemaDropperImpl.java:112)
		at org.hibernate.tool.schema.spi.SchemaManagementToolCoordinator.performDatabaseAction(SchemaManagementToolCoordinator.java:145)
		at org.hibernate.tool.schema.spi.SchemaManagementToolCoordinator.process(SchemaManagementToolCoordinator.java:73)
		at org.hibernate.internal.SessionFactoryImpl.<init>(SessionFactoryImpl.java:320)
		at org.hibernate.boot.internal.SessionFactoryBuilderImpl.build(SessionFactoryBuilderImpl.java:462)
		at org.hibernate.jpa.boot.internal.EntityManagerFactoryBuilderImpl.build(EntityManagerFactoryBuilderImpl.java:1237)
		at org.springframework.orm.jpa.vendor.SpringHibernateJpaPersistenceProvider.createContainerEntityManagerFactory(SpringHibernateJpaPersistenceProvider.java:58)
		at org.springframework.orm.jpa.LocalContainerEntityManagerFactoryBean.createNativeEntityManagerFactory(LocalContainerEntityManagerFactoryBean.java:365)
		at org.springframework.orm.jpa.AbstractEntityManagerFactoryBean.buildNativeEntityManagerFactory(AbstractEntityManagerFactoryBean.java:391)
		... 33 more
	Caused by: org.postgresql.util.PSQLException: Connection to 127.0.0.1:5433 refused. Check that the hostname and port are correct and that the postmaster is accepting TCP/IP connections.
		at org.postgresql.core.v3.ConnectionFactoryImpl.openConnectionImpl(ConnectionFactoryImpl.java:280)
		at org.postgresql.core.ConnectionFactory.openConnection(ConnectionFactory.java:49)
		at org.postgresql.jdbc.PgConnection.<init>(PgConnection.java:211)
		at org.postgresql.Driver.makeConnection(Driver.java:458)
		at org.postgresql.Driver.connect(Driver.java:260)
		at com.zaxxer.hikari.util.DriverDataSource.getConnection(DriverDataSource.java:138)
		at com.zaxxer.hikari.pool.PoolBase.newConnection(PoolBase.java:354)
		at com.zaxxer.hikari.pool.PoolBase.newPoolEntry(PoolBase.java:202)
		at com.zaxxer.hikari.pool.HikariPool.createPoolEntry(HikariPool.java:473)
		at com.zaxxer.hikari.pool.HikariPool.checkFailFast(HikariPool.java:554)
		at com.zaxxer.hikari.pool.HikariPool.<init>(HikariPool.java:115)
		at com.zaxxer.hikari.HikariDataSource.getConnection(HikariDataSource.java:112)
		at org.hibernate.engine.jdbc.connections.internal.DatasourceConnectionProviderImpl.getConnection(DatasourceConnectionProviderImpl.java:122)
		at org.hibernate.engine.jdbc.env.internal.JdbcEnvironmentInitiator$ConnectionProviderJdbcConnectionAccess.obtainConnection(JdbcEnvironmentInitiator.java:180)
		at org.hibernate.resource.transaction.backend.jdbc.internal.DdlTransactionIsolatorNonJtaImpl.getIsolatedConnection(DdlTransactionIsolatorNonJtaImpl.java:43)
		... 49 more
	Caused by: java.net.ConnectException: Conexão recusada (Connection refused)
		at java.net.PlainSocketImpl.socketConnect(Native Method)
		at java.net.AbstractPlainSocketImpl.doConnect(AbstractPlainSocketImpl.java:476)
		at java.net.AbstractPlainSocketImpl.connectToAddress(AbstractPlainSocketImpl.java:218)
		at java.net.AbstractPlainSocketImpl.connect(AbstractPlainSocketImpl.java:200)
		at java.net.SocksSocketImpl.connect(SocksSocketImpl.java:394)
		at java.net.Socket.connect(Socket.java:606)
		at org.postgresql.core.PGStream.<init>(PGStream.java:75)
		at org.postgresql.core.v3.ConnectionFactoryImpl.tryConnect(ConnectionFactoryImpl.java:91)
		at org.postgresql.core.v3.ConnectionFactoryImpl.openConnectionImpl(ConnectionFactoryImpl.java:192)
		... 63 more
13-Jan-2023 15:52:17.315 GRAVE [localhost-startStop-1] org.apache.catalina.startup.HostConfig.deployWAR Error deploying web application archive [/home/will-feral/curso-jenkins/apache-tomcat-8.5.50/webapps/tasks-backend.war]
	java.lang.IllegalStateException: ContainerBase.addChild: start: org.apache.catalina.LifecycleException: Failed to start component [StandardEngine[Catalina].StandardHost[localhost].StandardContext[/tasks-backend]]
		at org.apache.catalina.core.ContainerBase.addChildInternal(ContainerBase.java:747)
		at org.apache.catalina.core.ContainerBase.addChild(ContainerBase.java:719)
		at org.apache.catalina.core.StandardHost.addChild(StandardHost.java:705)
		at org.apache.catalina.startup.HostConfig.deployWAR(HostConfig.java:970)
		at org.apache.catalina.startup.HostConfig$DeployWar.run(HostConfig.java:1841)
		at java.util.concurrent.Executors$RunnableAdapter.call(Executors.java:511)
		at java.util.concurrent.FutureTask.run(FutureTask.java:266)
		at java.util.concurrent.ThreadPoolExecutor.runWorker(ThreadPoolExecutor.java:1149)
		at java.util.concurrent.ThreadPoolExecutor$Worker.run(ThreadPoolExecutor.java:624)
		at java.lang.Thread.run(Thread.java:750)
13-Jan-2023 15:52:17.317 INFORMAÇÕES [localhost-startStop-1] org.apache.catalina.startup.HostConfig.deployWAR Deployment of web application archive [/home/will-feral/curso-jenkins/apache-tomcat-8.5.50/webapps/tasks-backend.war] has finished in [13,688] ms
13-Jan-2023 15:52:17.318 INFORMAÇÕES [localhost-startStop-1] org.apache.catalina.startup.HostConfig.deployWAR Deploying web application archive [/home/will-feral/curso-jenkins/apache-tomcat-8.5.50/webapps/tasks.war]
13-Jan-2023 15:52:17.322 INFORMAÇÕES [localhost-startStop-1] org.apache.catalina.startup.ExpandWar.expand An expanded directory [/home/will-feral/curso-jenkins/apache-tomcat-8.5.50/webapps/tasks] was found with a last modified time that did not match the associated WAR. It will be deleted.
13-Jan-2023 15:52:22.851 INFORMAÇÕES [localhost-startStop-1] org.apache.jasper.servlet.TldScanner.scanJars At least one JAR was scanned for TLDs yet contained no TLDs. Enable debug logging for this logger for a complete list of JARs that were scanned but no TLDs were found in them. Skipping unneeded JARs during scanning can improve startup time and JSP compilation time.
13-Jan-2023 15:52:22.919 INFORMAÇÕES [localhost-startStop-1] org.apache.catalina.startup.HostConfig.deployWAR Deployment of web application archive [/home/will-feral/curso-jenkins/apache-tomcat-8.5.50/webapps/tasks.war] has finished in [5,601] ms
13-Jan-2023 15:52:22.920 INFORMAÇÕES [localhost-startStop-1] org.apache.catalina.startup.HostConfig.deployDirectory Deploying web application directory [/home/will-feral/curso-jenkins/apache-tomcat-8.5.50/webapps/manager]
13-Jan-2023 15:52:22.965 INFORMAÇÕES [localhost-startStop-1] org.apache.catalina.startup.HostConfig.deployDirectory Deployment of web application directory [/home/will-feral/curso-jenkins/apache-tomcat-8.5.50/webapps/manager] has finished in [45] ms
13-Jan-2023 15:52:22.966 INFORMAÇÕES [localhost-startStop-1] org.apache.catalina.startup.HostConfig.deployDirectory Deploying web application directory [/home/will-feral/curso-jenkins/apache-tomcat-8.5.50/webapps/docs]
13-Jan-2023 15:52:22.984 INFORMAÇÕES [localhost-startStop-1] org.apache.catalina.startup.HostConfig.deployDirectory Deployment of web application directory [/home/will-feral/curso-jenkins/apache-tomcat-8.5.50/webapps/docs] has finished in [18] ms
13-Jan-2023 15:52:22.984 INFORMAÇÕES [localhost-startStop-1] org.apache.catalina.startup.HostConfig.deployDirectory Deploying web application directory [/home/will-feral/curso-jenkins/apache-tomcat-8.5.50/webapps/ROOT]
13-Jan-2023 15:52:23.001 INFORMAÇÕES [localhost-startStop-1] org.apache.catalina.startup.HostConfig.deployDirectory Deployment of web application directory [/home/will-feral/curso-jenkins/apache-tomcat-8.5.50/webapps/ROOT] has finished in [17] ms
13-Jan-2023 15:52:23.001 INFORMAÇÕES [localhost-startStop-1] org.apache.catalina.startup.HostConfig.deployDirectory Deploying web application directory [/home/will-feral/curso-jenkins/apache-tomcat-8.5.50/webapps/examples]
13-Jan-2023 15:52:23.246 INFORMAÇÕES [localhost-startStop-1] org.apache.catalina.startup.HostConfig.deployDirectory Deployment of web application directory [/home/will-feral/curso-jenkins/apache-tomcat-8.5.50/webapps/examples] has finished in [245] ms
13-Jan-2023 15:52:23.246 INFORMAÇÕES [localhost-startStop-1] org.apache.catalina.startup.HostConfig.deployDirectory Deploying web application directory [/home/will-feral/curso-jenkins/apache-tomcat-8.5.50/webapps/host-manager]
13-Jan-2023 15:52:23.267 INFORMAÇÕES [localhost-startStop-1] org.apache.catalina.startup.HostConfig.deployDirectory Deployment of web application directory [/home/will-feral/curso-jenkins/apache-tomcat-8.5.50/webapps/host-manager] has finished in [21] ms
13-Jan-2023 15:52:23.274 INFORMAÇÕES [main] org.apache.coyote.AbstractProtocol.start Starting ProtocolHandler ["http-nio-8001"]
13-Jan-2023 15:52:23.296 INFORMAÇÕES [main] org.apache.coyote.AbstractProtocol.start Starting ProtocolHandler ["ajp-nio-8009"]
13-Jan-2023 15:52:23.305 INFORMAÇÕES [main] org.apache.catalina.startup.Catalina.start Server startup in 19782 ms
13-Jan-2023 15:52:42.280 ADVERTÊNCIA [http-nio-8001-exec-2] org.apache.catalina.loader.WebappClassLoaderBase.clearReferencesJdbc The web application [tasks-backend] registered the JDBC driver [org.postgresql.Driver] but failed to unregister it when the web application was stopped. To prevent a memory leak, the JDBC Driver has been forcibly unregistered.
