12-Jan-2023 14:39:40.896 INFORMAÇÕES [main] org.apache.catalina.startup.VersionLoggerListener.log Server version name:   Apache Tomcat/8.5.50
12-Jan-2023 14:39:40.913 INFORMAÇÕES [main] org.apache.catalina.startup.VersionLoggerListener.log Server built:          Dec 7 2019 19:19:46 UTC
12-Jan-2023 14:39:40.913 INFORMAÇÕES [main] org.apache.catalina.startup.VersionLoggerListener.log Server version number: 8.5.50.0
12-Jan-2023 14:39:40.913 INFORMAÇÕES [main] org.apache.catalina.startup.VersionLoggerListener.log OS Name:               Linux
12-Jan-2023 14:39:40.913 INFORMAÇÕES [main] org.apache.catalina.startup.VersionLoggerListener.log OS Version:            5.15.0-57-generic
12-Jan-2023 14:39:40.914 INFORMAÇÕES [main] org.apache.catalina.startup.VersionLoggerListener.log Architecture:          amd64
12-Jan-2023 14:39:40.914 INFORMAÇÕES [main] org.apache.catalina.startup.VersionLoggerListener.log Java Home:             /usr/lib/jvm/java-8-openjdk-amd64/jre
12-Jan-2023 14:39:40.914 INFORMAÇÕES [main] org.apache.catalina.startup.VersionLoggerListener.log JVM Version:           1.8.0_352-8u352-ga-1~22.04-b08
12-Jan-2023 14:39:40.914 INFORMAÇÕES [main] org.apache.catalina.startup.VersionLoggerListener.log JVM Vendor:            Private Build
12-Jan-2023 14:39:40.914 INFORMAÇÕES [main] org.apache.catalina.startup.VersionLoggerListener.log CATALINA_BASE:         /home/will-feral/curso-jenkins/apache-tomcat-8.5.50
12-Jan-2023 14:39:40.914 INFORMAÇÕES [main] org.apache.catalina.startup.VersionLoggerListener.log CATALINA_HOME:         /home/will-feral/curso-jenkins/apache-tomcat-8.5.50
12-Jan-2023 14:39:40.915 INFORMAÇÕES [main] org.apache.catalina.startup.VersionLoggerListener.log Command line argument: -Djava.util.logging.config.file=/home/will-feral/curso-jenkins/apache-tomcat-8.5.50/conf/logging.properties
12-Jan-2023 14:39:40.915 INFORMAÇÕES [main] org.apache.catalina.startup.VersionLoggerListener.log Command line argument: -Djava.util.logging.manager=org.apache.juli.ClassLoaderLogManager
12-Jan-2023 14:39:40.915 INFORMAÇÕES [main] org.apache.catalina.startup.VersionLoggerListener.log Command line argument: -Djdk.tls.ephemeralDHKeySize=2048
12-Jan-2023 14:39:40.915 INFORMAÇÕES [main] org.apache.catalina.startup.VersionLoggerListener.log Command line argument: -Djava.protocol.handler.pkgs=org.apache.catalina.webresources
12-Jan-2023 14:39:40.916 INFORMAÇÕES [main] org.apache.catalina.startup.VersionLoggerListener.log Command line argument: -Dorg.apache.catalina.security.SecurityListener.UMASK=0027
12-Jan-2023 14:39:40.916 INFORMAÇÕES [main] org.apache.catalina.startup.VersionLoggerListener.log Command line argument: -Dignore.endorsed.dirs=
12-Jan-2023 14:39:40.916 INFORMAÇÕES [main] org.apache.catalina.startup.VersionLoggerListener.log Command line argument: -Dcatalina.base=/home/will-feral/curso-jenkins/apache-tomcat-8.5.50
12-Jan-2023 14:39:40.916 INFORMAÇÕES [main] org.apache.catalina.startup.VersionLoggerListener.log Command line argument: -Dcatalina.home=/home/will-feral/curso-jenkins/apache-tomcat-8.5.50
12-Jan-2023 14:39:40.916 INFORMAÇÕES [main] org.apache.catalina.startup.VersionLoggerListener.log Command line argument: -Djava.io.tmpdir=/home/will-feral/curso-jenkins/apache-tomcat-8.5.50/temp
12-Jan-2023 14:39:40.916 INFORMAÇÕES [main] org.apache.catalina.core.AprLifecycleListener.lifecycleEvent The APR based Apache Tomcat Native library which allows optimal performance in production environments was not found on the java.library.path: [/usr/java/packages/lib/amd64:/usr/lib/x86_64-linux-gnu/jni:/lib/x86_64-linux-gnu:/usr/lib/x86_64-linux-gnu:/usr/lib/jni:/lib:/usr/lib]
12-Jan-2023 14:39:41.372 INFORMAÇÕES [main] org.apache.coyote.AbstractProtocol.init Initializing ProtocolHandler ["http-nio-8001"]
12-Jan-2023 14:39:41.428 INFORMAÇÕES [main] org.apache.tomcat.util.net.NioSelectorPool.getSharedSelector Using a shared selector for servlet write/read
12-Jan-2023 14:39:41.473 INFORMAÇÕES [main] org.apache.coyote.AbstractProtocol.init Initializing ProtocolHandler ["ajp-nio-8009"]
12-Jan-2023 14:39:41.476 INFORMAÇÕES [main] org.apache.tomcat.util.net.NioSelectorPool.getSharedSelector Using a shared selector for servlet write/read
12-Jan-2023 14:39:41.477 INFORMAÇÕES [main] org.apache.catalina.startup.Catalina.load Initialization processed in 1649 ms
12-Jan-2023 14:39:41.580 INFORMAÇÕES [main] org.apache.catalina.core.StandardService.startInternal Starting service [Catalina]
12-Jan-2023 14:39:41.581 INFORMAÇÕES [main] org.apache.catalina.core.StandardEngine.startInternal Starting Servlet Engine: Apache Tomcat/8.5.50
12-Jan-2023 14:39:41.726 INFORMAÇÕES [localhost-startStop-1] org.apache.catalina.startup.HostConfig.deployWAR Deploying web application archive [/home/will-feral/curso-jenkins/apache-tomcat-8.5.50/webapps/tasks-backend.war]
12-Jan-2023 14:39:57.035 INFORMAÇÕES [localhost-startStop-1] org.apache.jasper.servlet.TldScanner.scanJars At least one JAR was scanned for TLDs yet contained no TLDs. Enable debug logging for this logger for a complete list of JARs that were scanned but no TLDs were found in them. Skipping unneeded JARs during scanning can improve startup time and JSP compilation time.
12-Jan-2023 14:39:57.168 INFORMAÇÕES [localhost-startStop-1] org.apache.catalina.startup.HostConfig.deployWAR Deployment of web application archive [/home/will-feral/curso-jenkins/apache-tomcat-8.5.50/webapps/tasks-backend.war] has finished in [15,429] ms
12-Jan-2023 14:39:57.195 INFORMAÇÕES [localhost-startStop-1] org.apache.catalina.startup.HostConfig.deployWAR Deploying web application archive [/home/will-feral/curso-jenkins/apache-tomcat-8.5.50/webapps/tasks.war]
12-Jan-2023 14:40:03.647 INFORMAÇÕES [localhost-startStop-1] org.apache.jasper.servlet.TldScanner.scanJars At least one JAR was scanned for TLDs yet contained no TLDs. Enable debug logging for this logger for a complete list of JARs that were scanned but no TLDs were found in them. Skipping unneeded JARs during scanning can improve startup time and JSP compilation time.
12-Jan-2023 14:40:03.657 INFORMAÇÕES [localhost-startStop-1] org.apache.catalina.startup.HostConfig.deployWAR Deployment of web application archive [/home/will-feral/curso-jenkins/apache-tomcat-8.5.50/webapps/tasks.war] has finished in [6,462] ms
12-Jan-2023 14:40:03.659 INFORMAÇÕES [localhost-startStop-1] org.apache.catalina.startup.HostConfig.deployDirectory Deploying web application directory [/home/will-feral/curso-jenkins/apache-tomcat-8.5.50/webapps/ROOT]
12-Jan-2023 14:40:03.695 INFORMAÇÕES [localhost-startStop-1] org.apache.catalina.startup.HostConfig.deployDirectory Deployment of web application directory [/home/will-feral/curso-jenkins/apache-tomcat-8.5.50/webapps/ROOT] has finished in [36] ms
12-Jan-2023 14:40:03.696 INFORMAÇÕES [localhost-startStop-1] org.apache.catalina.startup.HostConfig.deployDirectory Deploying web application directory [/home/will-feral/curso-jenkins/apache-tomcat-8.5.50/webapps/docs]
12-Jan-2023 14:40:03.726 INFORMAÇÕES [localhost-startStop-1] org.apache.catalina.startup.HostConfig.deployDirectory Deployment of web application directory [/home/will-feral/curso-jenkins/apache-tomcat-8.5.50/webapps/docs] has finished in [31] ms
12-Jan-2023 14:40:03.727 INFORMAÇÕES [localhost-startStop-1] org.apache.catalina.startup.HostConfig.deployDirectory Deploying web application directory [/home/will-feral/curso-jenkins/apache-tomcat-8.5.50/webapps/manager]
12-Jan-2023 14:40:03.827 INFORMAÇÕES [localhost-startStop-1] org.apache.catalina.startup.HostConfig.deployDirectory Deployment of web application directory [/home/will-feral/curso-jenkins/apache-tomcat-8.5.50/webapps/manager] has finished in [100] ms
12-Jan-2023 14:40:03.827 INFORMAÇÕES [localhost-startStop-1] org.apache.catalina.startup.HostConfig.deployDirectory Deploying web application directory [/home/will-feral/curso-jenkins/apache-tomcat-8.5.50/webapps/examples]
12-Jan-2023 14:40:04.698 INFORMAÇÕES [localhost-startStop-1] org.apache.catalina.startup.HostConfig.deployDirectory Deployment of web application directory [/home/will-feral/curso-jenkins/apache-tomcat-8.5.50/webapps/examples] has finished in [871] ms
12-Jan-2023 14:40:04.699 INFORMAÇÕES [localhost-startStop-1] org.apache.catalina.startup.HostConfig.deployDirectory Deploying web application directory [/home/will-feral/curso-jenkins/apache-tomcat-8.5.50/webapps/host-manager]
12-Jan-2023 14:40:04.738 INFORMAÇÕES [localhost-startStop-1] org.apache.catalina.startup.HostConfig.deployDirectory Deployment of web application directory [/home/will-feral/curso-jenkins/apache-tomcat-8.5.50/webapps/host-manager] has finished in [39] ms
12-Jan-2023 14:40:04.746 INFORMAÇÕES [main] org.apache.coyote.AbstractProtocol.start Starting ProtocolHandler ["http-nio-8001"]
12-Jan-2023 14:40:04.788 INFORMAÇÕES [main] org.apache.coyote.AbstractProtocol.start Starting ProtocolHandler ["ajp-nio-8009"]
12-Jan-2023 14:40:04.795 INFORMAÇÕES [main] org.apache.catalina.startup.Catalina.start Server startup in 23317 ms
