10-Jan-2023 11:55:14.154 INFORMAÇÕES [localhost-startStop-1] org.apache.catalina.core.ApplicationContext.log 2 Spring WebApplicationInitializers detected on classpath
10-Jan-2023 11:55:17.809 INFORMAÇÕES [localhost-startStop-1] org.apache.catalina.core.ApplicationContext.log Initializing Spring embedded WebApplicationContext
10-Jan-2023 11:55:25.018 INFORMAÇÕES [localhost-startStop-1] org.apache.catalina.core.ApplicationContext.log 3 Spring WebApplicationInitializers detected on classpath
10-Jan-2023 11:55:26.672 INFORMAÇÕES [localhost-startStop-1] org.apache.catalina.core.ApplicationContext.log Initializing Spring embedded WebApplicationContext
10-Jan-2023 11:55:27.863 INFORMAÇÕES [localhost-startStop-1] org.apache.catalina.core.ApplicationContext.log Initializing Spring embedded WebApplicationContext
10-Jan-2023 11:55:29.448 INFORMAÇÕES [localhost-startStop-1] org.apache.catalina.core.ApplicationContext.log ContextListener: contextInitialized()
10-Jan-2023 11:55:29.448 INFORMAÇÕES [localhost-startStop-1] org.apache.catalina.core.ApplicationContext.log SessionListener: contextInitialized()
10-Jan-2023 11:55:29.449 INFORMAÇÕES [localhost-startStop-1] org.apache.catalina.core.ApplicationContext.log ContextListener: attributeAdded('StockTicker', 'async.Stockticker@61dea69')
10-Jan-2023 12:01:57.952 INFORMAÇÕES [http-nio-8001-exec-1] org.apache.catalina.core.ApplicationContext.log Closing Spring root WebApplicationContext
10-Jan-2023 12:01:59.744 INFORMAÇÕES [http-nio-8001-exec-1] org.apache.catalina.core.ApplicationContext.log Closing Spring root WebApplicationContext
10-Jan-2023 12:10:45.661 INFORMAÇÕES [http-nio-8001-exec-12] org.apache.catalina.core.ApplicationContext.log 2 Spring WebApplicationInitializers detected on classpath
10-Jan-2023 12:10:59.904 INFORMAÇÕES [http-nio-8001-exec-12] org.apache.catalina.core.ApplicationContext.log Initializing Spring embedded WebApplicationContext
10-Jan-2023 12:29:03.316 INFORMAÇÕES [http-nio-8001-exec-17] org.apache.catalina.core.ApplicationContext.log Closing Spring root WebApplicationContext
10-Jan-2023 12:32:26.761 INFORMAÇÕES [http-nio-8001-exec-23] org.apache.catalina.core.ApplicationContext.log 2 Spring WebApplicationInitializers detected on classpath
10-Jan-2023 12:32:35.555 INFORMAÇÕES [http-nio-8001-exec-23] org.apache.catalina.core.ApplicationContext.log Initializing Spring embedded WebApplicationContext
10-Jan-2023 12:33:10.059 INFORMAÇÕES [http-nio-8001-exec-26] org.apache.catalina.core.ApplicationContext.log 3 Spring WebApplicationInitializers detected on classpath
10-Jan-2023 12:33:12.155 INFORMAÇÕES [http-nio-8001-exec-26] org.apache.catalina.core.ApplicationContext.log Initializing Spring embedded WebApplicationContext
10-Jan-2023 12:33:13.722 INFORMAÇÕES [http-nio-8001-exec-26] org.apache.catalina.core.ApplicationContext.log Initializing Spring embedded WebApplicationContext
10-Jan-2023 12:36:29.519 INFORMAÇÕES [http-nio-8001-exec-27] org.apache.catalina.core.ApplicationContext.log Closing Spring root WebApplicationContext
10-Jan-2023 16:54:01.199 INFORMAÇÕES [http-nio-8001-exec-40] org.apache.catalina.core.ApplicationContext.log 2 Spring WebApplicationInitializers detected on classpath
10-Jan-2023 16:54:22.280 INFORMAÇÕES [http-nio-8001-exec-40] org.apache.catalina.core.ApplicationContext.log Initializing Spring embedded WebApplicationContext
10-Jan-2023 16:54:45.597 INFORMAÇÕES [http-nio-8001-exec-35] org.apache.catalina.core.ApplicationContext.log Closing Spring root WebApplicationContext
10-Jan-2023 16:54:45.861 INFORMAÇÕES [http-nio-8001-exec-35] org.apache.catalina.core.ApplicationContext.log Closing Spring root WebApplicationContext
10-Jan-2023 16:54:49.837 INFORMAÇÕES [http-nio-8001-exec-42] org.apache.catalina.core.ApplicationContext.log 3 Spring WebApplicationInitializers detected on classpath
10-Jan-2023 16:54:52.243 INFORMAÇÕES [http-nio-8001-exec-42] org.apache.catalina.core.ApplicationContext.log Initializing Spring embedded WebApplicationContext
10-Jan-2023 16:54:54.017 INFORMAÇÕES [http-nio-8001-exec-42] org.apache.catalina.core.ApplicationContext.log Initializing Spring embedded WebApplicationContext
