06-Jan-2023 13:53:17.995 INFORMAÇÕES [http-nio-8001-exec-33] org.apache.catalina.core.ApplicationContext.log HTMLManager: list: Listing contexts for virtual host 'localhost'
06-Jan-2023 14:00:15.393 INFORMAÇÕES [http-nio-8001-exec-38] org.apache.catalina.core.ApplicationContext.log Manager: init: Associated with Deployer 'Catalina:type=Deployer,host=localhost'
06-Jan-2023 14:00:15.394 INFORMAÇÕES [http-nio-8001-exec-38] org.apache.catalina.core.ApplicationContext.log Manager: init: Global resources are available
06-Jan-2023 14:00:15.604 INFORMAÇÕES [http-nio-8001-exec-38] org.apache.catalina.core.ApplicationContext.log Manager: list: Listing contexts for virtual host 'localhost'
06-Jan-2023 14:00:15.684 INFORMAÇÕES [http-nio-8001-exec-42] org.apache.catalina.core.ApplicationContext.log Manager: list: Listing contexts for virtual host 'localhost'
06-Jan-2023 14:00:15.817 INFORMAÇÕES [http-nio-8001-exec-33] org.apache.catalina.core.ApplicationContext.log Manager: undeploy: Undeploying web application at '/tasks-backend'
06-Jan-2023 14:00:40.388 INFORMAÇÕES [http-nio-8001-exec-33] org.apache.catalina.core.ApplicationContext.log Manager: deploy: Deploying web application '/tasks-backend'
06-Jan-2023 14:00:40.388 INFORMAÇÕES [http-nio-8001-exec-33] org.apache.catalina.core.ApplicationContext.log Manager: Uploading WAR file to /home/will-feral/curso-jenkins/apache-tomcat-8.5.50/webapps/tasks-backend.war
06-Jan-2023 14:18:26.148 INFORMAÇÕES [http-nio-8001-exec-44] org.apache.catalina.core.ApplicationContext.log Manager: list: Listing contexts for virtual host 'localhost'
06-Jan-2023 14:18:26.219 INFORMAÇÕES [http-nio-8001-exec-45] org.apache.catalina.core.ApplicationContext.log Manager: list: Listing contexts for virtual host 'localhost'
06-Jan-2023 14:18:26.224 INFORMAÇÕES [http-nio-8001-exec-43] org.apache.catalina.core.ApplicationContext.log Manager: undeploy: Undeploying web application at '/tasks'
06-Jan-2023 14:18:30.389 INFORMAÇÕES [http-nio-8001-exec-51] org.apache.catalina.core.ApplicationContext.log Manager: deploy: Deploying web application '/tasks'
06-Jan-2023 14:18:30.389 INFORMAÇÕES [http-nio-8001-exec-51] org.apache.catalina.core.ApplicationContext.log Manager: Uploading WAR file to /home/will-feral/curso-jenkins/apache-tomcat-8.5.50/webapps/tasks.war
06-Jan-2023 14:45:08.237 INFORMAÇÕES [http-nio-8001-exec-57] org.apache.catalina.core.ApplicationContext.log HTMLManager: list: Listing contexts for virtual host 'localhost'
06-Jan-2023 14:54:25.614 INFORMAÇÕES [http-nio-8001-exec-53] org.apache.catalina.core.ApplicationContext.log HTMLManager: list: Listing contexts for virtual host 'localhost'
06-Jan-2023 15:13:38.050 INFORMAÇÕES [http-nio-8001-exec-57] org.apache.catalina.core.ApplicationContext.log Manager: list: Listing contexts for virtual host 'localhost'
06-Jan-2023 15:13:38.699 INFORMAÇÕES [http-nio-8001-exec-59] org.apache.catalina.core.ApplicationContext.log Manager: list: Listing contexts for virtual host 'localhost'
06-Jan-2023 15:13:38.877 INFORMAÇÕES [http-nio-8001-exec-60] org.apache.catalina.core.ApplicationContext.log Manager: undeploy: Undeploying web application at '/tasks'
06-Jan-2023 15:14:00.362 INFORMAÇÕES [http-nio-8001-exec-61] org.apache.catalina.core.ApplicationContext.log Manager: deploy: Deploying web application '/tasks'
06-Jan-2023 15:14:00.363 INFORMAÇÕES [http-nio-8001-exec-61] org.apache.catalina.core.ApplicationContext.log Manager: Uploading WAR file to /home/will-feral/curso-jenkins/apache-tomcat-8.5.50/webapps/tasks.war
06-Jan-2023 15:42:09.831 INFORMAÇÕES [http-nio-8001-exec-63] org.apache.catalina.core.ApplicationContext.log HTMLManager: list: Listing contexts for virtual host 'localhost'
06-Jan-2023 15:42:13.443 INFORMAÇÕES [http-nio-8001-exec-68] org.apache.catalina.core.ApplicationContext.log HTMLManager: undeploy: Undeploying web application at '/tasks-backend'
06-Jan-2023 15:42:15.488 INFORMAÇÕES [http-nio-8001-exec-68] org.apache.catalina.core.ApplicationContext.log HTMLManager: list: Listing contexts for virtual host 'localhost'
06-Jan-2023 15:42:17.513 INFORMAÇÕES [http-nio-8001-exec-64] org.apache.catalina.core.ApplicationContext.log HTMLManager: undeploy: Undeploying web application at '/tasks'
06-Jan-2023 15:42:19.204 INFORMAÇÕES [http-nio-8001-exec-64] org.apache.catalina.core.ApplicationContext.log HTMLManager: list: Listing contexts for virtual host 'localhost'
06-Jan-2023 15:43:03.564 INFORMAÇÕES [http-nio-8001-exec-69] org.apache.catalina.core.ApplicationContext.log Manager: list: Listing contexts for virtual host 'localhost'
06-Jan-2023 15:43:03.593 INFORMAÇÕES [http-nio-8001-exec-73] org.apache.catalina.core.ApplicationContext.log Manager: deploy: Deploying web application '/tasks-backend'
06-Jan-2023 15:43:03.593 INFORMAÇÕES [http-nio-8001-exec-73] org.apache.catalina.core.ApplicationContext.log Manager: Uploading WAR file to /home/will-feral/curso-jenkins/apache-tomcat-8.5.50/webapps/tasks-backend.war
06-Jan-2023 15:43:53.340 INFORMAÇÕES [http-nio-8001-exec-74] org.apache.catalina.core.ApplicationContext.log HTMLManager: undeploy: Undeploying web application at '/tasks'
06-Jan-2023 15:43:53.340 INFORMAÇÕES [http-nio-8001-exec-74] org.apache.catalina.core.ApplicationContext.log HTMLManager: list: Listing contexts for virtual host 'localhost'
06-Jan-2023 15:44:12.853 INFORMAÇÕES [http-nio-8001-exec-76] org.apache.catalina.core.ApplicationContext.log Manager: list: Listing contexts for virtual host 'localhost'
06-Jan-2023 15:44:12.855 INFORMAÇÕES [http-nio-8001-exec-77] org.apache.catalina.core.ApplicationContext.log Manager: deploy: Deploying web application '/tasks'
06-Jan-2023 15:44:12.855 INFORMAÇÕES [http-nio-8001-exec-77] org.apache.catalina.core.ApplicationContext.log Manager: Uploading WAR file to /home/will-feral/curso-jenkins/apache-tomcat-8.5.50/webapps/tasks.war
06-Jan-2023 15:44:59.045 INFORMAÇÕES [http-nio-8001-exec-79] org.apache.catalina.core.ApplicationContext.log HTMLManager: undeploy: Undeploying web application at '/tasks'
06-Jan-2023 15:44:59.681 INFORMAÇÕES [http-nio-8001-exec-79] org.apache.catalina.core.ApplicationContext.log HTMLManager: list: Listing contexts for virtual host 'localhost'
06-Jan-2023 15:45:38.039 INFORMAÇÕES [http-nio-8001-exec-75] org.apache.catalina.core.ApplicationContext.log HTMLManager: undeploy: Undeploying web application at '/tasks'
06-Jan-2023 15:45:38.039 INFORMAÇÕES [http-nio-8001-exec-75] org.apache.catalina.core.ApplicationContext.log HTMLManager: list: Listing contexts for virtual host 'localhost'
06-Jan-2023 16:11:37.429 INFORMAÇÕES [http-nio-8001-exec-82] org.apache.catalina.core.ApplicationContext.log HTMLManager: undeploy: Undeploying web application at '/tasks'
06-Jan-2023 16:11:37.430 INFORMAÇÕES [http-nio-8001-exec-82] org.apache.catalina.core.ApplicationContext.log HTMLManager: list: Listing contexts for virtual host 'localhost'
06-Jan-2023 16:12:25.847 INFORMAÇÕES [http-nio-8001-exec-85] org.apache.catalina.core.ApplicationContext.log Manager: list: Listing contexts for virtual host 'localhost'
06-Jan-2023 16:12:26.364 INFORMAÇÕES [http-nio-8001-exec-86] org.apache.catalina.core.ApplicationContext.log Manager: list: Listing contexts for virtual host 'localhost'
06-Jan-2023 16:12:26.424 INFORMAÇÕES [http-nio-8001-exec-87] org.apache.catalina.core.ApplicationContext.log Manager: undeploy: Undeploying web application at '/tasks-backend'
06-Jan-2023 16:12:29.127 INFORMAÇÕES [http-nio-8001-exec-85] org.apache.catalina.core.ApplicationContext.log Manager: deploy: Deploying web application '/tasks-backend'
06-Jan-2023 16:12:29.127 INFORMAÇÕES [http-nio-8001-exec-85] org.apache.catalina.core.ApplicationContext.log Manager: Uploading WAR file to /home/will-feral/curso-jenkins/apache-tomcat-8.5.50/webapps/tasks-backend.war
06-Jan-2023 16:13:23.155 INFORMAÇÕES [http-nio-8001-exec-84] org.apache.catalina.core.ApplicationContext.log Manager: list: Listing contexts for virtual host 'localhost'
06-Jan-2023 16:13:23.209 INFORMAÇÕES [http-nio-8001-exec-83] org.apache.catalina.core.ApplicationContext.log Manager: deploy: Deploying web application '/tasks'
06-Jan-2023 16:13:23.209 INFORMAÇÕES [http-nio-8001-exec-83] org.apache.catalina.core.ApplicationContext.log Manager: Uploading WAR file to /home/will-feral/curso-jenkins/apache-tomcat-8.5.50/webapps/tasks.war
06-Jan-2023 16:14:58.867 INFORMAÇÕES [http-nio-8001-exec-94] org.apache.catalina.core.ApplicationContext.log HTMLManager: list: Listing contexts for virtual host 'localhost'
06-Jan-2023 16:16:41.566 INFORMAÇÕES [http-nio-8001-exec-92] org.apache.catalina.core.ApplicationContext.log HTMLManager: list: Listing contexts for virtual host 'localhost'
06-Jan-2023 16:17:27.524 INFORMAÇÕES [http-nio-8001-exec-96] org.apache.catalina.core.ApplicationContext.log Manager: list: Listing contexts for virtual host 'localhost'
06-Jan-2023 16:17:27.563 INFORMAÇÕES [http-nio-8001-exec-95] org.apache.catalina.core.ApplicationContext.log Manager: list: Listing contexts for virtual host 'localhost'
06-Jan-2023 16:17:27.565 INFORMAÇÕES [http-nio-8001-exec-97] org.apache.catalina.core.ApplicationContext.log Manager: undeploy: Undeploying web application at '/tasks'
06-Jan-2023 16:17:28.119 INFORMAÇÕES [http-nio-8001-exec-94] org.apache.catalina.core.ApplicationContext.log Manager: deploy: Deploying web application '/tasks'
06-Jan-2023 16:17:28.120 INFORMAÇÕES [http-nio-8001-exec-94] org.apache.catalina.core.ApplicationContext.log Manager: Uploading WAR file to /home/will-feral/curso-jenkins/apache-tomcat-8.5.50/webapps/tasks.war
06-Jan-2023 16:17:52.516 INFORMAÇÕES [http-nio-8001-exec-90] org.apache.catalina.core.ApplicationContext.log HTMLManager: list: Listing contexts for virtual host 'localhost'
06-Jan-2023 16:19:31.701 INFORMAÇÕES [http-nio-8001-exec-100] org.apache.catalina.core.ApplicationContext.log HTMLManager: list: Listing contexts for virtual host 'localhost'
06-Jan-2023 16:20:04.638 INFORMAÇÕES [http-nio-8001-exec-103] org.apache.catalina.core.ApplicationContext.log HTMLManager: undeploy: Undeploying web application at '/tasks'
06-Jan-2023 16:20:05.218 INFORMAÇÕES [http-nio-8001-exec-103] org.apache.catalina.core.ApplicationContext.log HTMLManager: list: Listing contexts for virtual host 'localhost'
06-Jan-2023 16:20:08.030 INFORMAÇÕES [http-nio-8001-exec-105] org.apache.catalina.core.ApplicationContext.log HTMLManager: undeploy: Undeploying web application at '/tasks-backend'
06-Jan-2023 16:20:09.403 INFORMAÇÕES [http-nio-8001-exec-105] org.apache.catalina.core.ApplicationContext.log HTMLManager: list: Listing contexts for virtual host 'localhost'
06-Jan-2023 16:20:58.151 INFORMAÇÕES [http-nio-8001-exec-108] org.apache.catalina.core.ApplicationContext.log Manager: list: Listing contexts for virtual host 'localhost'
06-Jan-2023 16:20:58.174 INFORMAÇÕES [http-nio-8001-exec-112] org.apache.catalina.core.ApplicationContext.log Manager: deploy: Deploying web application '/tasks-backend'
06-Jan-2023 16:20:58.174 INFORMAÇÕES [http-nio-8001-exec-112] org.apache.catalina.core.ApplicationContext.log Manager: Uploading WAR file to /home/will-feral/curso-jenkins/apache-tomcat-8.5.50/webapps/tasks-backend.war
06-Jan-2023 16:21:34.932 INFORMAÇÕES [http-nio-8001-exec-110] org.apache.catalina.core.ApplicationContext.log HTMLManager: undeploy: Undeploying web application at '/tasks-backend'
06-Jan-2023 16:21:34.994 INFORMAÇÕES [http-nio-8001-exec-111] org.apache.catalina.core.ApplicationContext.log Manager: list: Listing contexts for virtual host 'localhost'
06-Jan-2023 16:21:34.997 INFORMAÇÕES [http-nio-8001-exec-111] org.apache.catalina.core.ApplicationContext.log Manager: deploy: Deploying web application '/tasks'
06-Jan-2023 16:21:34.998 INFORMAÇÕES [http-nio-8001-exec-111] org.apache.catalina.core.ApplicationContext.log Manager: Uploading WAR file to /home/will-feral/curso-jenkins/apache-tomcat-8.5.50/webapps/tasks.war
06-Jan-2023 16:21:35.815 INFORMAÇÕES [http-nio-8001-exec-110] org.apache.catalina.core.ApplicationContext.log HTMLManager: list: Listing contexts for virtual host 'localhost'
06-Jan-2023 16:22:04.509 INFORMAÇÕES [http-nio-8001-exec-100] org.apache.catalina.core.ApplicationContext.log HTMLManager: undeploy: Undeploying web application at '/tasks-backend'
06-Jan-2023 16:22:04.509 INFORMAÇÕES [http-nio-8001-exec-100] org.apache.catalina.core.ApplicationContext.log HTMLManager: list: Listing contexts for virtual host 'localhost'
06-Jan-2023 16:22:59.342 INFORMAÇÕES [http-nio-8001-exec-114] org.apache.catalina.core.ApplicationContext.log HTMLManager: undeploy: Undeploying web application at '/tasks-backend'
06-Jan-2023 16:22:59.342 INFORMAÇÕES [http-nio-8001-exec-114] org.apache.catalina.core.ApplicationContext.log HTMLManager: list: Listing contexts for virtual host 'localhost'
06-Jan-2023 16:25:00.409 INFORMAÇÕES [http-nio-8001-exec-117] org.apache.catalina.core.ApplicationContext.log HTMLManager: undeploy: Undeploying web application at '/tasks-backend'
06-Jan-2023 16:25:00.409 INFORMAÇÕES [http-nio-8001-exec-117] org.apache.catalina.core.ApplicationContext.log HTMLManager: list: Listing contexts for virtual host 'localhost'
06-Jan-2023 16:27:39.268 INFORMAÇÕES [http-nio-8001-exec-114] org.apache.catalina.core.ApplicationContext.log HTMLManager: list: Listing contexts for virtual host 'localhost'
06-Jan-2023 16:29:05.942 INFORMAÇÕES [http-nio-8001-exec-122] org.apache.catalina.core.ApplicationContext.log Manager: list: Listing contexts for virtual host 'localhost'
06-Jan-2023 16:29:05.944 INFORMAÇÕES [http-nio-8001-exec-123] org.apache.catalina.core.ApplicationContext.log Manager: deploy: Deploying web application '/tasks-backend'
06-Jan-2023 16:29:05.944 INFORMAÇÕES [http-nio-8001-exec-123] org.apache.catalina.core.ApplicationContext.log Manager: Uploading WAR file to /home/will-feral/curso-jenkins/apache-tomcat-8.5.50/webapps/tasks-backend.war
06-Jan-2023 16:29:41.491 INFORMAÇÕES [http-nio-8001-exec-117] org.apache.catalina.core.ApplicationContext.log Manager: list: Listing contexts for virtual host 'localhost'
06-Jan-2023 16:29:41.493 INFORMAÇÕES [http-nio-8001-exec-118] org.apache.catalina.core.ApplicationContext.log Manager: list: Listing contexts for virtual host 'localhost'
06-Jan-2023 16:29:41.495 INFORMAÇÕES [http-nio-8001-exec-119] org.apache.catalina.core.ApplicationContext.log Manager: undeploy: Undeploying web application at '/tasks'
06-Jan-2023 16:29:42.152 INFORMAÇÕES [http-nio-8001-exec-121] org.apache.catalina.core.ApplicationContext.log Manager: deploy: Deploying web application '/tasks'
06-Jan-2023 16:29:42.152 INFORMAÇÕES [http-nio-8001-exec-121] org.apache.catalina.core.ApplicationContext.log Manager: Uploading WAR file to /home/will-feral/curso-jenkins/apache-tomcat-8.5.50/webapps/tasks.war
06-Jan-2023 16:30:19.321 INFORMAÇÕES [http-nio-8001-exec-122] org.apache.catalina.core.ApplicationContext.log HTMLManager: list: Listing contexts for virtual host 'localhost'
